[ 2012-10-17T00:03:37+08:00 ] /myweb/index.php/Admin/login/index | INFO: Tag[ route_check ] --START--
[ 2012-10-17T00:03:37+08:00 ] /myweb/index.php/Admin/login/index | INFO: Run CheckRoute Behavior [ RunTime:0.004360s ]
[ 2012-10-17T00:03:37+08:00 ] /myweb/index.php/Admin/login/index | INFO: Tag[ route_check ] --END-- [ RunTime:0.005207s ]
[ 2012-10-17T00:03:37+08:00 ] /myweb/index.php/Admin/login/index | INFO: Tag[ app_begin ] --START--
[ 2012-10-17T00:03:37+08:00 ] /myweb/index.php/Admin/login/index | INFO: Run ReadHtmlCache Behavior [ RunTime:0.002482s ]
[ 2012-10-17T00:03:37+08:00 ] /myweb/index.php/Admin/login/index | INFO: Run CheckLang Behavior [ RunTime:0.008106s ]
[ 2012-10-17T00:03:37+08:00 ] /myweb/index.php/Admin/login/index | INFO: Tag[ app_begin ] --END-- [ RunTime:0.011083s ]
[ 2012-10-17T00:03:37+08:00 ] /myweb/index.php/Admin/login/index | INFO: Tag[ view_template ] --START--
[ 2012-10-17T00:03:37+08:00 ] /myweb/index.php/Admin/login/index | INFO: Run LocationTemplate Behavior [ RunTime:0.005597s ]
[ 2012-10-17T00:03:37+08:00 ] /myweb/index.php/Admin/login/index | INFO: Tag[ view_template ] --END-- [ RunTime:0.005978s ]
[ 2012-10-17T00:03:37+08:00 ] /myweb/index.php/Admin/login/index | INFO: Tag[ view_parse ] --START--
[ 2012-10-17T00:03:37+08:00 ] /myweb/index.php/Admin/login/index | NOTIC: [2] file_get_contents(./Tpl/Admin/myweb/Public/footer.html) [<a href='function.file-get-contents'>function.file-get-contents</a>]: failed to open stream: No such file or directory ThinkTemplate.class.php 第 702 行.
[ 2012-10-17T00:03:37+08:00 ] /myweb/index.php/Admin/login/index | INFO: Run ParseTemplate Behavior [ RunTime:0.044178s ]
[ 2012-10-17T00:03:37+08:00 ] /myweb/index.php/Admin/login/index | INFO: Tag[ view_parse ] --END-- [ RunTime:0.044603s ]
[ 2012-10-17T00:03:37+08:00 ] /myweb/index.php/Admin/login/index | INFO: Tag[ view_filter ] --START--
[ 2012-10-17T00:03:37+08:00 ] /myweb/index.php/Admin/login/index | INFO: Run ContentReplace Behavior [ RunTime:0.003073s ]
[ 2012-10-17T00:03:37+08:00 ] /myweb/index.php/Admin/login/index | INFO: Run TokenBuild Behavior [ RunTime:0.002773s ]
[ 2012-10-17T00:03:37+08:00 ] /myweb/index.php/Admin/login/index | INFO: Run WriteHtmlCache Behavior [ RunTime:0.001462s ]
[ 2012-10-17T00:03:37+08:00 ] /myweb/index.php/Admin/login/index | INFO: Run ShowRuntime Behavior [ RunTime:0.001933s ]
[ 2012-10-17T00:03:37+08:00 ] /myweb/index.php/Admin/login/index | INFO: Tag[ view_filter ] --END-- [ RunTime:0.010123s ]
[ 2012-10-17T00:03:37+08:00 ] /myweb/index.php/Admin/login/index | INFO: Tag[ view_end ] --START--
[ 2012-10-17T00:03:37+08:00 ] /myweb/index.php/Admin/login/index | INFO: Run ShowPageTrace Behavior [ RunTime:0.001739s ]
[ 2012-10-17T00:03:37+08:00 ] /myweb/index.php/Admin/login/index | INFO: Tag[ view_end ] --END-- [ RunTime:0.001963s ]
[ 2012-10-17T00:03:38+08:00 ] /myweb/index.php/Admin/login/verify/ | INFO: Tag[ route_check ] --START--
[ 2012-10-17T00:03:38+08:00 ] /myweb/index.php/Admin/login/verify/ | INFO: Run CheckRoute Behavior [ RunTime:0.004055s ]
[ 2012-10-17T00:03:38+08:00 ] /myweb/index.php/Admin/login/verify/ | INFO: Tag[ route_check ] --END-- [ RunTime:0.004497s ]
[ 2012-10-17T00:03:38+08:00 ] /myweb/index.php/Admin/login/verify/ | INFO: Tag[ app_begin ] --START--
[ 2012-10-17T00:03:38+08:00 ] /myweb/index.php/Admin/login/verify/ | INFO: Run ReadHtmlCache Behavior [ RunTime:0.002935s ]
[ 2012-10-17T00:03:38+08:00 ] /myweb/index.php/Admin/login/verify/ | INFO: Run CheckLang Behavior [ RunTime:0.005518s ]
[ 2012-10-17T00:03:38+08:00 ] /myweb/index.php/Admin/login/verify/ | INFO: Tag[ app_begin ] --END-- [ RunTime:0.010100s ]
[ 2012-10-17T00:03:50+08:00 ] /myweb/index.php/Admin/index/index | INFO: Tag[ route_check ] --START--
[ 2012-10-17T00:03:50+08:00 ] /myweb/index.php/Admin/index/index | INFO: Run CheckRoute Behavior [ RunTime:0.008610s ]
[ 2012-10-17T00:03:50+08:00 ] /myweb/index.php/Admin/index/index | INFO: Tag[ route_check ] --END-- [ RunTime:0.008999s ]
[ 2012-10-17T00:03:50+08:00 ] /myweb/index.php/Admin/index/index | INFO: Tag[ app_begin ] --START--
[ 2012-10-17T00:03:50+08:00 ] /myweb/index.php/Admin/index/index | INFO: Run ReadHtmlCache Behavior [ RunTime:0.002579s ]
[ 2012-10-17T00:03:50+08:00 ] /myweb/index.php/Admin/index/index | INFO: Run CheckLang Behavior [ RunTime:0.005187s ]
[ 2012-10-17T00:03:50+08:00 ] /myweb/index.php/Admin/index/index | INFO: Tag[ app_begin ] --END-- [ RunTime:0.008320s ]
[ 2012-10-17T00:03:50+08:00 ] /myweb/index.php/Admin/index/index | INFO: Tag[ view_template ] --START--
[ 2012-10-17T00:03:50+08:00 ] /myweb/index.php/Admin/index/index | INFO: Run LocationTemplate Behavior [ RunTime:0.002944s ]
[ 2012-10-17T00:03:50+08:00 ] /myweb/index.php/Admin/index/index | INFO: Tag[ view_template ] --END-- [ RunTime:0.003280s ]
[ 2012-10-17T00:03:50+08:00 ] /myweb/index.php/Admin/index/index | INFO: Tag[ view_parse ] --START--
[ 2012-10-17T00:03:50+08:00 ] /myweb/index.php/Admin/index/index | INFO: Run ParseTemplate Behavior [ RunTime:0.029190s ]
[ 2012-10-17T00:03:50+08:00 ] /myweb/index.php/Admin/index/index | INFO: Tag[ view_parse ] --END-- [ RunTime:0.029511s ]
[ 2012-10-17T00:03:50+08:00 ] /myweb/index.php/Admin/index/index | INFO: Tag[ view_filter ] --START--
[ 2012-10-17T00:03:50+08:00 ] /myweb/index.php/Admin/index/index | INFO: Run ContentReplace Behavior [ RunTime:0.008619s ]
[ 2012-10-17T00:03:50+08:00 ] /myweb/index.php/Admin/index/index | INFO: Run TokenBuild Behavior [ RunTime:0.002761s ]
[ 2012-10-17T00:03:50+08:00 ] /myweb/index.php/Admin/index/index | INFO: Run WriteHtmlCache Behavior [ RunTime:0.002100s ]
[ 2012-10-17T00:03:50+08:00 ] /myweb/index.php/Admin/index/index | INFO: Run ShowRuntime Behavior [ RunTime:0.002692s ]
[ 2012-10-17T00:03:50+08:00 ] /myweb/index.php/Admin/index/index | INFO: Tag[ view_filter ] --END-- [ RunTime:0.017003s ]
[ 2012-10-17T00:03:50+08:00 ] /myweb/index.php/Admin/index/index | INFO: Tag[ view_end ] --START--
[ 2012-10-17T00:03:50+08:00 ] /myweb/index.php/Admin/index/index | INFO: Run ShowPageTrace Behavior [ RunTime:0.002444s ]
[ 2012-10-17T00:03:50+08:00 ] /myweb/index.php/Admin/index/index | INFO: Tag[ view_end ] --END-- [ RunTime:0.002749s ]
[ 2012-10-17T00:03:50+08:00 ] /myweb/index.php/Admin/index/top | INFO: Tag[ route_check ] --START--
[ 2012-10-17T00:03:50+08:00 ] /myweb/index.php/Admin/index/top | INFO: Run CheckRoute Behavior [ RunTime:0.003808s ]
[ 2012-10-17T00:03:50+08:00 ] /myweb/index.php/Admin/index/top | INFO: Tag[ route_check ] --END-- [ RunTime:0.005356s ]
[ 2012-10-17T00:03:50+08:00 ] /myweb/index.php/Admin/index/top | INFO: Tag[ app_begin ] --START--
[ 2012-10-17T00:03:50+08:00 ] /myweb/index.php/Admin/index/top | INFO: Run ReadHtmlCache Behavior [ RunTime:0.002670s ]
[ 2012-10-17T00:03:50+08:00 ] /myweb/index.php/Admin/index/top | INFO: Run CheckLang Behavior [ RunTime:0.006766s ]
[ 2012-10-17T00:03:50+08:00 ] /myweb/index.php/Admin/index/top | INFO: Tag[ app_begin ] --END-- [ RunTime:0.012154s ]
[ 2012-10-17T00:03:50+08:00 ] /myweb/index.php/Admin/index/top | SQL: SHOW COLUMNS FROM `my_category` [ RunTime:0.013899s ]
[ 2012-10-17T00:03:50+08:00 ] /myweb/index.php/Admin/index/top | SQL: SELECT * FROM `my_category` WHERE pid=0  [ RunTime:0.000813s ]
[ 2012-10-17T00:03:50+08:00 ] /myweb/index.php/Admin/index/top | INFO: Tag[ view_template ] --START--
[ 2012-10-17T00:03:50+08:00 ] /myweb/index.php/Admin/index/top | INFO: Run LocationTemplate Behavior [ RunTime:0.002528s ]
[ 2012-10-17T00:03:50+08:00 ] /myweb/index.php/Admin/index/top | INFO: Tag[ view_template ] --END-- [ RunTime:0.002761s ]
[ 2012-10-17T00:03:50+08:00 ] /myweb/index.php/Admin/index/top | INFO: Tag[ view_parse ] --START--
[ 2012-10-17T00:03:51+08:00 ] /myweb/index.php/Admin/index/top | INFO: Run ParseTemplate Behavior [ RunTime:0.028239s ]
[ 2012-10-17T00:03:51+08:00 ] /myweb/index.php/Admin/index/top | INFO: Tag[ view_parse ] --END-- [ RunTime:0.028500s ]
[ 2012-10-17T00:03:51+08:00 ] /myweb/index.php/Admin/index/top | INFO: Tag[ view_filter ] --START--
[ 2012-10-17T00:03:51+08:00 ] /myweb/index.php/Admin/index/top | INFO: Run ContentReplace Behavior [ RunTime:0.001673s ]
[ 2012-10-17T00:03:51+08:00 ] /myweb/index.php/Admin/index/top | INFO: Run TokenBuild Behavior [ RunTime:0.001707s ]
[ 2012-10-17T00:03:51+08:00 ] /myweb/index.php/Admin/index/top | INFO: Run WriteHtmlCache Behavior [ RunTime:0.001241s ]
[ 2012-10-17T00:03:51+08:00 ] /myweb/index.php/Admin/index/top | INFO: Run ShowRuntime Behavior [ RunTime:0.001884s ]
[ 2012-10-17T00:03:51+08:00 ] /myweb/index.php/Admin/index/top | INFO: Tag[ view_filter ] --END-- [ RunTime:0.007143s ]
[ 2012-10-17T00:03:51+08:00 ] /myweb/index.php/Admin/index/top | INFO: Tag[ view_end ] --START--
[ 2012-10-17T00:03:51+08:00 ] /myweb/index.php/Admin/index/top | INFO: Run ShowPageTrace Behavior [ RunTime:0.001699s ]
[ 2012-10-17T00:03:51+08:00 ] /myweb/index.php/Admin/index/top | INFO: Tag[ view_end ] --END-- [ RunTime:0.001921s ]
[ 2012-10-17T00:03:50+08:00 ] /myweb/index.php/Admin/index/main | INFO: Tag[ route_check ] --START--
[ 2012-10-17T00:03:50+08:00 ] /myweb/index.php/Admin/index/main | INFO: Run CheckRoute Behavior [ RunTime:0.006502s ]
[ 2012-10-17T00:03:50+08:00 ] /myweb/index.php/Admin/index/main | INFO: Tag[ route_check ] --END-- [ RunTime:0.006828s ]
[ 2012-10-17T00:03:50+08:00 ] /myweb/index.php/Admin/index/main | INFO: Tag[ app_begin ] --START--
[ 2012-10-17T00:03:50+08:00 ] /myweb/index.php/Admin/index/main | INFO: Run ReadHtmlCache Behavior [ RunTime:0.002969s ]
[ 2012-10-17T00:03:50+08:00 ] /myweb/index.php/Admin/index/main | INFO: Run CheckLang Behavior [ RunTime:0.009602s ]
[ 2012-10-17T00:03:50+08:00 ] /myweb/index.php/Admin/index/main | INFO: Tag[ app_begin ] --END-- [ RunTime:0.013185s ]
[ 2012-10-17T00:03:51+08:00 ] /myweb/index.php/Admin/index/main | INFO: Tag[ view_template ] --START--
[ 2012-10-17T00:03:51+08:00 ] /myweb/index.php/Admin/index/main | INFO: Run LocationTemplate Behavior [ RunTime:0.002511s ]
[ 2012-10-17T00:03:51+08:00 ] /myweb/index.php/Admin/index/main | INFO: Tag[ view_template ] --END-- [ RunTime:0.002783s ]
[ 2012-10-17T00:03:51+08:00 ] /myweb/index.php/Admin/index/main | INFO: Tag[ view_parse ] --START--
[ 2012-10-17T00:03:51+08:00 ] /myweb/index.php/Admin/index/main | INFO: Run ParseTemplate Behavior [ RunTime:0.025999s ]
[ 2012-10-17T00:03:51+08:00 ] /myweb/index.php/Admin/index/main | INFO: Tag[ view_parse ] --END-- [ RunTime:0.026263s ]
[ 2012-10-17T00:03:51+08:00 ] /myweb/index.php/Admin/index/main | INFO: Tag[ view_filter ] --START--
[ 2012-10-17T00:03:51+08:00 ] /myweb/index.php/Admin/index/main | INFO: Run ContentReplace Behavior [ RunTime:0.001731s ]
[ 2012-10-17T00:03:51+08:00 ] /myweb/index.php/Admin/index/main | INFO: Run TokenBuild Behavior [ RunTime:0.001810s ]
[ 2012-10-17T00:03:51+08:00 ] /myweb/index.php/Admin/index/main | INFO: Run WriteHtmlCache Behavior [ RunTime:0.001240s ]
[ 2012-10-17T00:03:51+08:00 ] /myweb/index.php/Admin/index/main | INFO: Run ShowRuntime Behavior [ RunTime:0.001903s ]
[ 2012-10-17T00:03:51+08:00 ] /myweb/index.php/Admin/index/main | INFO: Tag[ view_filter ] --END-- [ RunTime:0.007322s ]
[ 2012-10-17T00:03:51+08:00 ] /myweb/index.php/Admin/index/main | INFO: Tag[ view_end ] --START--
[ 2012-10-17T00:03:51+08:00 ] /myweb/index.php/Admin/index/main | INFO: Run ShowPageTrace Behavior [ RunTime:0.001629s ]
[ 2012-10-17T00:03:51+08:00 ] /myweb/index.php/Admin/index/main | INFO: Tag[ view_end ] --END-- [ RunTime:0.001842s ]
[ 2012-10-17T00:03:50+08:00 ] /myweb/index.php/Admin/index/menu | INFO: Tag[ route_check ] --START--
[ 2012-10-17T00:03:50+08:00 ] /myweb/index.php/Admin/index/menu | INFO: Run CheckRoute Behavior [ RunTime:0.002402s ]
[ 2012-10-17T00:03:50+08:00 ] /myweb/index.php/Admin/index/menu | INFO: Tag[ route_check ] --END-- [ RunTime:0.002685s ]
[ 2012-10-17T00:03:50+08:00 ] /myweb/index.php/Admin/index/menu | INFO: Tag[ app_begin ] --START--
[ 2012-10-17T00:03:50+08:00 ] /myweb/index.php/Admin/index/menu | INFO: Run ReadHtmlCache Behavior [ RunTime:0.001481s ]
[ 2012-10-17T00:03:50+08:00 ] /myweb/index.php/Admin/index/menu | INFO: Run CheckLang Behavior [ RunTime:0.002696s ]
[ 2012-10-17T00:03:50+08:00 ] /myweb/index.php/Admin/index/menu | INFO: Tag[ app_begin ] --END-- [ RunTime:0.004561s ]
[ 2012-10-17T00:03:51+08:00 ] /myweb/index.php/Admin/index/menu | NOTIC: [8] Undefined index: action IndexAction.class.php 第 19 行.
[ 2012-10-17T00:03:51+08:00 ] /myweb/index.php/Admin/index/menu | SQL: SHOW COLUMNS FROM `my_category` [ RunTime:0.065290s ]
[ 2012-10-17T00:03:51+08:00 ] /myweb/index.php/Admin/index/menu | SQL: SELECT * FROM `my_category` WHERE pid=0  [ RunTime:0.003092s ]
[ 2012-10-17T00:03:51+08:00 ] /myweb/index.php/Admin/index/menu | INFO: Tag[ view_template ] --START--
[ 2012-10-17T00:03:51+08:00 ] /myweb/index.php/Admin/index/menu | INFO: Run LocationTemplate Behavior [ RunTime:0.002209s ]
[ 2012-10-17T00:03:51+08:00 ] /myweb/index.php/Admin/index/menu | INFO: Tag[ view_template ] --END-- [ RunTime:0.002474s ]
[ 2012-10-17T00:03:51+08:00 ] /myweb/index.php/Admin/index/menu | INFO: Tag[ view_parse ] --START--
[ 2012-10-17T00:03:51+08:00 ] /myweb/index.php/Admin/index/menu | NOTIC: [8] Undefined index: action 8d630bfcc3f8428cb093c5301748865f.php 第 32 行.
[ 2012-10-17T00:03:51+08:00 ] /myweb/index.php/Admin/index/menu | INFO: Run ParseTemplate Behavior [ RunTime:0.029090s ]
[ 2012-10-17T00:03:51+08:00 ] /myweb/index.php/Admin/index/menu | INFO: Tag[ view_parse ] --END-- [ RunTime:0.029320s ]
[ 2012-10-17T00:03:51+08:00 ] /myweb/index.php/Admin/index/menu | INFO: Tag[ view_filter ] --START--
[ 2012-10-17T00:03:51+08:00 ] /myweb/index.php/Admin/index/menu | INFO: Run ContentReplace Behavior [ RunTime:0.001283s ]
[ 2012-10-17T00:03:51+08:00 ] /myweb/index.php/Admin/index/menu | INFO: Run TokenBuild Behavior [ RunTime:0.001351s ]
[ 2012-10-17T00:03:51+08:00 ] /myweb/index.php/Admin/index/menu | INFO: Run WriteHtmlCache Behavior [ RunTime:0.000979s ]
[ 2012-10-17T00:03:51+08:00 ] /myweb/index.php/Admin/index/menu | INFO: Run ShowRuntime Behavior [ RunTime:0.001522s ]
[ 2012-10-17T00:03:51+08:00 ] /myweb/index.php/Admin/index/menu | INFO: Tag[ view_filter ] --END-- [ RunTime:0.005758s ]
[ 2012-10-17T00:03:51+08:00 ] /myweb/index.php/Admin/index/menu | INFO: Tag[ view_end ] --START--
[ 2012-10-17T00:03:51+08:00 ] /myweb/index.php/Admin/index/menu | INFO: Run ShowPageTrace Behavior [ RunTime:0.001392s ]
[ 2012-10-17T00:03:51+08:00 ] /myweb/index.php/Admin/index/menu | INFO: Tag[ view_end ] --END-- [ RunTime:0.001606s ]
[ 2012-10-17T00:03:51+08:00 ] /myweb/index.php/Admin/index/skin/images/frame/wbg.gif | ERR: (ThinkException) 非法操作skin
[ 2012-10-17T00:03:53+08:00 ] /myweb/index.php/Admin/index/menu/action/Setting | INFO: Tag[ route_check ] --START--
[ 2012-10-17T00:03:53+08:00 ] /myweb/index.php/Admin/index/menu/action/Setting | INFO: Run CheckRoute Behavior [ RunTime:0.007513s ]
[ 2012-10-17T00:03:53+08:00 ] /myweb/index.php/Admin/index/menu/action/Setting | INFO: Tag[ route_check ] --END-- [ RunTime:0.007877s ]
[ 2012-10-17T00:03:53+08:00 ] /myweb/index.php/Admin/index/menu/action/Setting | INFO: Tag[ app_begin ] --START--
[ 2012-10-17T00:03:53+08:00 ] /myweb/index.php/Admin/index/menu/action/Setting | INFO: Run ReadHtmlCache Behavior [ RunTime:0.002652s ]
[ 2012-10-17T00:03:53+08:00 ] /myweb/index.php/Admin/index/menu/action/Setting | INFO: Run CheckLang Behavior [ RunTime:0.010002s ]
[ 2012-10-17T00:03:53+08:00 ] /myweb/index.php/Admin/index/menu/action/Setting | INFO: Tag[ app_begin ] --END-- [ RunTime:0.013188s ]
[ 2012-10-17T00:03:53+08:00 ] /myweb/index.php/Admin/index/menu/action/Setting | SQL: SHOW COLUMNS FROM `my_category` [ RunTime:0.015658s ]
[ 2012-10-17T00:03:53+08:00 ] /myweb/index.php/Admin/index/menu/action/Setting | SQL: SELECT * FROM `my_category` WHERE pid=0  [ RunTime:0.002534s ]
[ 2012-10-17T00:03:53+08:00 ] /myweb/index.php/Admin/index/menu/action/Setting | INFO: Tag[ view_template ] --START--
[ 2012-10-17T00:03:53+08:00 ] /myweb/index.php/Admin/index/menu/action/Setting | INFO: Run LocationTemplate Behavior [ RunTime:0.003249s ]
[ 2012-10-17T00:03:53+08:00 ] /myweb/index.php/Admin/index/menu/action/Setting | INFO: Tag[ view_template ] --END-- [ RunTime:0.003568s ]
[ 2012-10-17T00:03:53+08:00 ] /myweb/index.php/Admin/index/menu/action/Setting | INFO: Tag[ view_parse ] --START--
[ 2012-10-17T00:03:53+08:00 ] /myweb/index.php/Admin/index/menu/action/Setting | INFO: Run ParseTemplate Behavior [ RunTime:0.050977s ]
[ 2012-10-17T00:03:53+08:00 ] /myweb/index.php/Admin/index/menu/action/Setting | INFO: Tag[ view_parse ] --END-- [ RunTime:0.051314s ]
[ 2012-10-17T00:03:53+08:00 ] /myweb/index.php/Admin/index/menu/action/Setting | INFO: Tag[ view_filter ] --START--
[ 2012-10-17T00:03:53+08:00 ] /myweb/index.php/Admin/index/menu/action/Setting | INFO: Run ContentReplace Behavior [ RunTime:0.002359s ]
[ 2012-10-17T00:03:53+08:00 ] /myweb/index.php/Admin/index/menu/action/Setting | INFO: Run TokenBuild Behavior [ RunTime:0.003139s ]
[ 2012-10-17T00:03:53+08:00 ] /myweb/index.php/Admin/index/menu/action/Setting | INFO: Run WriteHtmlCache Behavior [ RunTime:0.001705s ]
[ 2012-10-17T00:03:53+08:00 ] /myweb/index.php/Admin/index/menu/action/Setting | INFO: Run ShowRuntime Behavior [ RunTime:0.002814s ]
[ 2012-10-17T00:03:53+08:00 ] /myweb/index.php/Admin/index/menu/action/Setting | INFO: Tag[ view_filter ] --END-- [ RunTime:0.010917s ]
[ 2012-10-17T00:03:53+08:00 ] /myweb/index.php/Admin/index/menu/action/Setting | INFO: Tag[ view_end ] --START--
[ 2012-10-17T00:03:53+08:00 ] /myweb/index.php/Admin/index/menu/action/Setting | INFO: Run ShowPageTrace Behavior [ RunTime:0.003356s ]
[ 2012-10-17T00:03:53+08:00 ] /myweb/index.php/Admin/index/menu/action/Setting | INFO: Tag[ view_end ] --END-- [ RunTime:0.003671s ]
[ 2012-10-17T00:03:56+08:00 ] /myweb/index.php/Admin/index/menu/action/Setting | INFO: Tag[ route_check ] --START--
[ 2012-10-17T00:03:56+08:00 ] /myweb/index.php/Admin/index/menu/action/Setting | INFO: Run CheckRoute Behavior [ RunTime:0.004551s ]
[ 2012-10-17T00:03:56+08:00 ] /myweb/index.php/Admin/index/menu/action/Setting | INFO: Tag[ route_check ] --END-- [ RunTime:0.004898s ]
[ 2012-10-17T00:03:56+08:00 ] /myweb/index.php/Admin/index/menu/action/Setting | INFO: Tag[ app_begin ] --START--
[ 2012-10-17T00:03:56+08:00 ] /myweb/index.php/Admin/index/menu/action/Setting | INFO: Run ReadHtmlCache Behavior [ RunTime:0.002601s ]
[ 2012-10-17T00:03:56+08:00 ] /myweb/index.php/Admin/index/menu/action/Setting | INFO: Run CheckLang Behavior [ RunTime:0.007570s ]
[ 2012-10-17T00:03:56+08:00 ] /myweb/index.php/Admin/index/menu/action/Setting | INFO: Tag[ app_begin ] --END-- [ RunTime:0.010678s ]
[ 2012-10-17T00:03:57+08:00 ] /myweb/index.php/Admin/index/menu/action/Setting | SQL: SHOW COLUMNS FROM `my_category` [ RunTime:0.014560s ]
[ 2012-10-17T00:03:57+08:00 ] /myweb/index.php/Admin/index/menu/action/Setting | SQL: SELECT * FROM `my_category` WHERE pid=0  [ RunTime:0.002760s ]
[ 2012-10-17T00:03:57+08:00 ] /myweb/index.php/Admin/index/menu/action/Setting | INFO: Tag[ view_template ] --START--
[ 2012-10-17T00:03:57+08:00 ] /myweb/index.php/Admin/index/menu/action/Setting | INFO: Run LocationTemplate Behavior [ RunTime:0.003265s ]
[ 2012-10-17T00:03:57+08:00 ] /myweb/index.php/Admin/index/menu/action/Setting | INFO: Tag[ view_template ] --END-- [ RunTime:0.003590s ]
[ 2012-10-17T00:03:57+08:00 ] /myweb/index.php/Admin/index/menu/action/Setting | INFO: Tag[ view_parse ] --START--
[ 2012-10-17T00:03:57+08:00 ] /myweb/index.php/Admin/index/menu/action/Setting | INFO: Run ParseTemplate Behavior [ RunTime:0.037686s ]
[ 2012-10-17T00:03:57+08:00 ] /myweb/index.php/Admin/index/menu/action/Setting | INFO: Tag[ view_parse ] --END-- [ RunTime:0.038034s ]
[ 2012-10-17T00:03:57+08:00 ] /myweb/index.php/Admin/index/menu/action/Setting | INFO: Tag[ view_filter ] --START--
[ 2012-10-17T00:03:57+08:00 ] /myweb/index.php/Admin/index/menu/action/Setting | INFO: Run ContentReplace Behavior [ RunTime:0.001744s ]
[ 2012-10-17T00:03:57+08:00 ] /myweb/index.php/Admin/index/menu/action/Setting | INFO: Run TokenBuild Behavior [ RunTime:0.001841s ]
[ 2012-10-17T00:03:57+08:00 ] /myweb/index.php/Admin/index/menu/action/Setting | INFO: Run WriteHtmlCache Behavior [ RunTime:0.001286s ]
[ 2012-10-17T00:03:57+08:00 ] /myweb/index.php/Admin/index/menu/action/Setting | INFO: Run ShowRuntime Behavior [ RunTime:0.001841s ]
[ 2012-10-17T00:03:57+08:00 ] /myweb/index.php/Admin/index/menu/action/Setting | INFO: Tag[ view_filter ] --END-- [ RunTime:0.007399s ]
[ 2012-10-17T00:03:57+08:00 ] /myweb/index.php/Admin/index/menu/action/Setting | INFO: Tag[ view_end ] --START--
[ 2012-10-17T00:03:57+08:00 ] /myweb/index.php/Admin/index/menu/action/Setting | INFO: Run ShowPageTrace Behavior [ RunTime:0.001689s ]
[ 2012-10-17T00:03:57+08:00 ] /myweb/index.php/Admin/index/menu/action/Setting | INFO: Tag[ view_end ] --END-- [ RunTime:0.001907s ]
[ 2012-10-17T00:04:00+08:00 ] /myweb/index.php/Admin/index/menu/action/Setting | INFO: Tag[ route_check ] --START--
[ 2012-10-17T00:04:00+08:00 ] /myweb/index.php/Admin/index/menu/action/Setting | INFO: Run CheckRoute Behavior [ RunTime:0.004151s ]
[ 2012-10-17T00:04:00+08:00 ] /myweb/index.php/Admin/index/menu/action/Setting | INFO: Tag[ route_check ] --END-- [ RunTime:0.004487s ]
[ 2012-10-17T00:04:00+08:00 ] /myweb/index.php/Admin/index/menu/action/Setting | INFO: Tag[ app_begin ] --START--
[ 2012-10-17T00:04:00+08:00 ] /myweb/index.php/Admin/index/menu/action/Setting | INFO: Run ReadHtmlCache Behavior [ RunTime:0.002610s ]
[ 2012-10-17T00:04:00+08:00 ] /myweb/index.php/Admin/index/menu/action/Setting | INFO: Run CheckLang Behavior [ RunTime:0.012462s ]
[ 2012-10-17T00:04:00+08:00 ] /myweb/index.php/Admin/index/menu/action/Setting | INFO: Tag[ app_begin ] --END-- [ RunTime:0.015667s ]
[ 2012-10-17T00:04:00+08:00 ] /myweb/index.php/Admin/index/menu/action/Setting | SQL: SHOW COLUMNS FROM `my_category` [ RunTime:0.016686s ]
[ 2012-10-17T00:04:00+08:00 ] /myweb/index.php/Admin/index/menu/action/Setting | SQL: SELECT * FROM `my_category` WHERE pid=0  [ RunTime:0.001105s ]
[ 2012-10-17T00:04:00+08:00 ] /myweb/index.php/Admin/index/menu/action/Setting | INFO: Tag[ view_template ] --START--
[ 2012-10-17T00:04:00+08:00 ] /myweb/index.php/Admin/index/menu/action/Setting | INFO: Run LocationTemplate Behavior [ RunTime:0.003433s ]
[ 2012-10-17T00:04:00+08:00 ] /myweb/index.php/Admin/index/menu/action/Setting | INFO: Tag[ view_template ] --END-- [ RunTime:0.003911s ]
[ 2012-10-17T00:04:00+08:00 ] /myweb/index.php/Admin/index/menu/action/Setting | INFO: Tag[ view_parse ] --START--
[ 2012-10-17T00:04:00+08:00 ] /myweb/index.php/Admin/index/menu/action/Setting | INFO: Run ParseTemplate Behavior [ RunTime:0.049314s ]
[ 2012-10-17T00:04:00+08:00 ] /myweb/index.php/Admin/index/menu/action/Setting | INFO: Tag[ view_parse ] --END-- [ RunTime:0.049694s ]
[ 2012-10-17T00:04:00+08:00 ] /myweb/index.php/Admin/index/menu/action/Setting | INFO: Tag[ view_filter ] --START--
[ 2012-10-17T00:04:00+08:00 ] /myweb/index.php/Admin/index/menu/action/Setting | INFO: Run ContentReplace Behavior [ RunTime:0.002322s ]
[ 2012-10-17T00:04:00+08:00 ] /myweb/index.php/Admin/index/menu/action/Setting | INFO: Run TokenBuild Behavior [ RunTime:0.002721s ]
[ 2012-10-17T00:04:00+08:00 ] /myweb/index.php/Admin/index/menu/action/Setting | INFO: Run WriteHtmlCache Behavior [ RunTime:0.002276s ]
[ 2012-10-17T00:04:00+08:00 ] /myweb/index.php/Admin/index/menu/action/Setting | INFO: Run ShowRuntime Behavior [ RunTime:0.004470s ]
[ 2012-10-17T00:04:00+08:00 ] /myweb/index.php/Admin/index/menu/action/Setting | INFO: Tag[ view_filter ] --END-- [ RunTime:0.012942s ]
[ 2012-10-17T00:04:00+08:00 ] /myweb/index.php/Admin/index/menu/action/Setting | INFO: Tag[ view_end ] --START--
[ 2012-10-17T00:04:00+08:00 ] /myweb/index.php/Admin/index/menu/action/Setting | INFO: Run ShowPageTrace Behavior [ RunTime:0.002633s ]
[ 2012-10-17T00:04:00+08:00 ] /myweb/index.php/Admin/index/menu/action/Setting | INFO: Tag[ view_end ] --END-- [ RunTime:0.002935s ]
[ 2012-10-17T00:04:02+08:00 ] /myweb/index.php/Admin/Setting | INFO: Tag[ route_check ] --START--
[ 2012-10-17T00:04:02+08:00 ] /myweb/index.php/Admin/Setting | INFO: Run CheckRoute Behavior [ RunTime:0.003994s ]
[ 2012-10-17T00:04:02+08:00 ] /myweb/index.php/Admin/Setting | INFO: Tag[ route_check ] --END-- [ RunTime:0.004631s ]
[ 2012-10-17T00:04:02+08:00 ] /myweb/index.php/Admin/Setting | INFO: Tag[ app_begin ] --START--
[ 2012-10-17T00:04:02+08:00 ] /myweb/index.php/Admin/Setting | INFO: Run ReadHtmlCache Behavior [ RunTime:0.002477s ]
[ 2012-10-17T00:04:02+08:00 ] /myweb/index.php/Admin/Setting | INFO: Run CheckLang Behavior [ RunTime:0.010416s ]
[ 2012-10-17T00:04:02+08:00 ] /myweb/index.php/Admin/Setting | INFO: Tag[ app_begin ] --END-- [ RunTime:0.013415s ]
[ 2012-10-17T00:04:02+08:00 ] /myweb/index.php/Admin/Setting | INFO: Tag[ view_template ] --START--
[ 2012-10-17T00:04:02+08:00 ] /myweb/index.php/Admin/Setting | INFO: Run LocationTemplate Behavior [ RunTime:0.002500s ]
[ 2012-10-17T00:04:02+08:00 ] /myweb/index.php/Admin/Setting | INFO: Tag[ view_template ] --END-- [ RunTime:0.002816s ]
[ 2012-10-17T00:04:02+08:00 ] /myweb/index.php/Admin/Setting | INFO: Tag[ view_parse ] --START--
[ 2012-10-17T00:04:02+08:00 ] /myweb/index.php/Admin/Setting | INFO: Run ParseTemplate Behavior [ RunTime:0.035036s ]
[ 2012-10-17T00:04:02+08:00 ] /myweb/index.php/Admin/Setting | INFO: Tag[ view_parse ] --END-- [ RunTime:0.035418s ]
[ 2012-10-17T00:04:02+08:00 ] /myweb/index.php/Admin/Setting | INFO: Tag[ view_filter ] --START--
[ 2012-10-17T00:04:02+08:00 ] /myweb/index.php/Admin/Setting | INFO: Run ContentReplace Behavior [ RunTime:0.002419s ]
[ 2012-10-17T00:04:02+08:00 ] /myweb/index.php/Admin/Setting | INFO: Run TokenBuild Behavior [ RunTime:0.004041s ]
[ 2012-10-17T00:04:02+08:00 ] /myweb/index.php/Admin/Setting | INFO: Run WriteHtmlCache Behavior [ RunTime:0.003996s ]
[ 2012-10-17T00:04:02+08:00 ] /myweb/index.php/Admin/Setting | INFO: Run ShowRuntime Behavior [ RunTime:0.003372s ]
[ 2012-10-17T00:04:02+08:00 ] /myweb/index.php/Admin/Setting | INFO: Tag[ view_filter ] --END-- [ RunTime:0.014792s ]
[ 2012-10-17T00:04:02+08:00 ] /myweb/index.php/Admin/Setting | INFO: Tag[ view_end ] --START--
[ 2012-10-17T00:04:02+08:00 ] /myweb/index.php/Admin/Setting | INFO: Run ShowPageTrace Behavior [ RunTime:0.003939s ]
[ 2012-10-17T00:04:02+08:00 ] /myweb/index.php/Admin/Setting | INFO: Tag[ view_end ] --END-- [ RunTime:0.004235s ]
[ 2012-10-17T00:04:03+08:00 ] /myweb/index.php/Admin/skin/images/allbg.gif | ERR: (ThinkException) 无法加载模块Skin
[ 2012-10-17T00:04:03+08:00 ] /myweb/index.php/Admin/skin/images/tbg.gif | ERR: (ThinkException) 无法加载模块Skin
[ 2012-10-17T00:04:03+08:00 ] /myweb/index.php/Admin/%E7%BD%91%E7%AB%99LOGO | ERR: (ThinkException) 无法加载模块网站logo
[ 2012-10-17T00:04:03+08:00 ] /myweb/index.php/Admin/skin/images/newlinebg3.gif | ERR: (ThinkException) 无法加载模块Skin
[ 2012-10-17T00:07:10+08:00 ] /myweb/index.php/Admin/index/menu/action/Channel | INFO: Tag[ route_check ] --START--
[ 2012-10-17T00:07:10+08:00 ] /myweb/index.php/Admin/index/menu/action/Channel | INFO: Run CheckRoute Behavior [ RunTime:0.004675s ]
[ 2012-10-17T00:07:10+08:00 ] /myweb/index.php/Admin/index/menu/action/Channel | INFO: Tag[ route_check ] --END-- [ RunTime:0.005039s ]
[ 2012-10-17T00:07:10+08:00 ] /myweb/index.php/Admin/index/menu/action/Channel | INFO: Tag[ app_begin ] --START--
[ 2012-10-17T00:07:10+08:00 ] /myweb/index.php/Admin/index/menu/action/Channel | INFO: Run ReadHtmlCache Behavior [ RunTime:0.004152s ]
[ 2012-10-17T00:07:10+08:00 ] /myweb/index.php/Admin/index/menu/action/Channel | INFO: Run CheckLang Behavior [ RunTime:0.006674s ]
[ 2012-10-17T00:07:10+08:00 ] /myweb/index.php/Admin/index/menu/action/Channel | INFO: Tag[ app_begin ] --END-- [ RunTime:0.014681s ]
[ 2012-10-17T00:07:10+08:00 ] /myweb/index.php/Admin/index/menu/action/Channel | SQL: SHOW COLUMNS FROM `my_category` [ RunTime:0.015275s ]
[ 2012-10-17T00:07:10+08:00 ] /myweb/index.php/Admin/index/menu/action/Channel | SQL: SELECT * FROM `my_category` WHERE pid=0  [ RunTime:0.001048s ]
[ 2012-10-17T00:07:10+08:00 ] /myweb/index.php/Admin/index/menu/action/Channel | INFO: Tag[ view_template ] --START--
[ 2012-10-17T00:07:10+08:00 ] /myweb/index.php/Admin/index/menu/action/Channel | INFO: Run LocationTemplate Behavior [ RunTime:0.003230s ]
[ 2012-10-17T00:07:10+08:00 ] /myweb/index.php/Admin/index/menu/action/Channel | INFO: Tag[ view_template ] --END-- [ RunTime:0.003554s ]
[ 2012-10-17T00:07:10+08:00 ] /myweb/index.php/Admin/index/menu/action/Channel | INFO: Tag[ view_parse ] --START--
[ 2012-10-17T00:07:10+08:00 ] /myweb/index.php/Admin/index/menu/action/Channel | INFO: Run ParseTemplate Behavior [ RunTime:0.047656s ]
[ 2012-10-17T00:07:10+08:00 ] /myweb/index.php/Admin/index/menu/action/Channel | INFO: Tag[ view_parse ] --END-- [ RunTime:0.047985s ]
[ 2012-10-17T00:07:10+08:00 ] /myweb/index.php/Admin/index/menu/action/Channel | INFO: Tag[ view_filter ] --START--
[ 2012-10-17T00:07:10+08:00 ] /myweb/index.php/Admin/index/menu/action/Channel | INFO: Run ContentReplace Behavior [ RunTime:0.002249s ]
[ 2012-10-17T00:07:10+08:00 ] /myweb/index.php/Admin/index/menu/action/Channel | INFO: Run TokenBuild Behavior [ RunTime:0.002170s ]
[ 2012-10-17T00:07:10+08:00 ] /myweb/index.php/Admin/index/menu/action/Channel | INFO: Run WriteHtmlCache Behavior [ RunTime:0.005762s ]
[ 2012-10-17T00:07:10+08:00 ] /myweb/index.php/Admin/index/menu/action/Channel | INFO: Run ShowRuntime Behavior [ RunTime:0.002835s ]
[ 2012-10-17T00:07:10+08:00 ] /myweb/index.php/Admin/index/menu/action/Channel | INFO: Tag[ view_filter ] --END-- [ RunTime:0.013968s ]
[ 2012-10-17T00:07:10+08:00 ] /myweb/index.php/Admin/index/menu/action/Channel | INFO: Tag[ view_end ] --START--
[ 2012-10-17T00:07:10+08:00 ] /myweb/index.php/Admin/index/menu/action/Channel | INFO: Run ShowPageTrace Behavior [ RunTime:0.001833s ]
[ 2012-10-17T00:07:10+08:00 ] /myweb/index.php/Admin/index/menu/action/Channel | INFO: Tag[ view_end ] --END-- [ RunTime:0.002054s ]
[ 2012-10-17T00:07:23+08:00 ] /myweb/index.php/Admin/login/index | INFO: Tag[ route_check ] --START--
[ 2012-10-17T00:07:23+08:00 ] /myweb/index.php/Admin/login/index | INFO: Run CheckRoute Behavior [ RunTime:0.002908s ]
[ 2012-10-17T00:07:23+08:00 ] /myweb/index.php/Admin/login/index | INFO: Tag[ route_check ] --END-- [ RunTime:0.003176s ]
[ 2012-10-17T00:07:23+08:00 ] /myweb/index.php/Admin/login/index | INFO: Tag[ app_begin ] --START--
[ 2012-10-17T00:07:23+08:00 ] /myweb/index.php/Admin/login/index | INFO: Run ReadHtmlCache Behavior [ RunTime:0.002033s ]
[ 2012-10-17T00:07:23+08:00 ] /myweb/index.php/Admin/login/index | INFO: Run CheckLang Behavior [ RunTime:0.004065s ]
[ 2012-10-17T00:07:23+08:00 ] /myweb/index.php/Admin/login/index | INFO: Tag[ app_begin ] --END-- [ RunTime:0.006515s ]
[ 2012-10-17T00:07:23+08:00 ] /myweb/index.php/Admin/login/index | INFO: Tag[ view_template ] --START--
[ 2012-10-17T00:07:23+08:00 ] /myweb/index.php/Admin/login/index | INFO: Run LocationTemplate Behavior [ RunTime:0.002144s ]
[ 2012-10-17T00:07:23+08:00 ] /myweb/index.php/Admin/login/index | INFO: Tag[ view_template ] --END-- [ RunTime:0.002407s ]
[ 2012-10-17T00:07:23+08:00 ] /myweb/index.php/Admin/login/index | INFO: Tag[ view_parse ] --START--
[ 2012-10-17T00:07:23+08:00 ] /myweb/index.php/Admin/login/index | NOTIC: [2] file_get_contents(./Tpl/Admin/myweb/Public/footer.html) [<a href='function.file-get-contents'>function.file-get-contents</a>]: failed to open stream: No such file or directory ThinkTemplate.class.php 第 702 行.
[ 2012-10-17T00:07:23+08:00 ] /myweb/index.php/Admin/login/index | INFO: Run ParseTemplate Behavior [ RunTime:0.025245s ]
[ 2012-10-17T00:07:23+08:00 ] /myweb/index.php/Admin/login/index | INFO: Tag[ view_parse ] --END-- [ RunTime:0.025499s ]
[ 2012-10-17T00:07:23+08:00 ] /myweb/index.php/Admin/login/index | INFO: Tag[ view_filter ] --START--
[ 2012-10-17T00:07:23+08:00 ] /myweb/index.php/Admin/login/index | INFO: Run ContentReplace Behavior [ RunTime:0.001665s ]
[ 2012-10-17T00:07:23+08:00 ] /myweb/index.php/Admin/login/index | INFO: Run TokenBuild Behavior [ RunTime:0.001911s ]
[ 2012-10-17T00:07:23+08:00 ] /myweb/index.php/Admin/login/index | INFO: Run WriteHtmlCache Behavior [ RunTime:0.001298s ]
[ 2012-10-17T00:07:23+08:00 ] /myweb/index.php/Admin/login/index | INFO: Run ShowRuntime Behavior [ RunTime:0.001914s ]
[ 2012-10-17T00:07:23+08:00 ] /myweb/index.php/Admin/login/index | INFO: Tag[ view_filter ] --END-- [ RunTime:0.007447s ]
[ 2012-10-17T00:07:23+08:00 ] /myweb/index.php/Admin/login/index | INFO: Tag[ view_end ] --START--
[ 2012-10-17T00:07:23+08:00 ] /myweb/index.php/Admin/login/index | INFO: Run ShowPageTrace Behavior [ RunTime:0.001760s ]
[ 2012-10-17T00:07:23+08:00 ] /myweb/index.php/Admin/login/index | INFO: Tag[ view_end ] --END-- [ RunTime:0.001983s ]
[ 2012-10-17T00:07:23+08:00 ] /myweb/index.php/Admin/login/verify/ | INFO: Tag[ route_check ] --START--
[ 2012-10-17T00:07:23+08:00 ] /myweb/index.php/Admin/login/verify/ | INFO: Run CheckRoute Behavior [ RunTime:0.004716s ]
[ 2012-10-17T00:07:23+08:00 ] /myweb/index.php/Admin/login/verify/ | INFO: Tag[ route_check ] --END-- [ RunTime:0.005442s ]
[ 2012-10-17T00:07:23+08:00 ] /myweb/index.php/Admin/login/verify/ | INFO: Tag[ app_begin ] --START--
[ 2012-10-17T00:07:23+08:00 ] /myweb/index.php/Admin/login/verify/ | INFO: Run ReadHtmlCache Behavior [ RunTime:0.003213s ]
[ 2012-10-17T00:07:23+08:00 ] /myweb/index.php/Admin/login/verify/ | INFO: Run CheckLang Behavior [ RunTime:0.006726s ]
[ 2012-10-17T00:07:23+08:00 ] /myweb/index.php/Admin/login/verify/ | INFO: Tag[ app_begin ] --END-- [ RunTime:0.010681s ]
[ 2012-10-17T00:07:32+08:00 ] /myweb/index.php/Admin/index/index | INFO: Tag[ route_check ] --START--
[ 2012-10-17T00:07:32+08:00 ] /myweb/index.php/Admin/index/index | INFO: Run CheckRoute Behavior [ RunTime:0.003964s ]
[ 2012-10-17T00:07:32+08:00 ] /myweb/index.php/Admin/index/index | INFO: Tag[ route_check ] --END-- [ RunTime:0.004305s ]
[ 2012-10-17T00:07:32+08:00 ] /myweb/index.php/Admin/index/index | INFO: Tag[ app_begin ] --START--
[ 2012-10-17T00:07:32+08:00 ] /myweb/index.php/Admin/index/index | INFO: Run ReadHtmlCache Behavior [ RunTime:0.002878s ]
[ 2012-10-17T00:07:32+08:00 ] /myweb/index.php/Admin/index/index | INFO: Run CheckLang Behavior [ RunTime:0.007174s ]
[ 2012-10-17T00:07:32+08:00 ] /myweb/index.php/Admin/index/index | INFO: Tag[ app_begin ] --END-- [ RunTime:0.010571s ]
[ 2012-10-17T00:07:32+08:00 ] /myweb/index.php/Admin/index/index | INFO: Tag[ view_template ] --START--
[ 2012-10-17T00:07:32+08:00 ] /myweb/index.php/Admin/index/index | INFO: Run LocationTemplate Behavior [ RunTime:0.005809s ]
[ 2012-10-17T00:07:32+08:00 ] /myweb/index.php/Admin/index/index | INFO: Tag[ view_template ] --END-- [ RunTime:0.006275s ]
[ 2012-10-17T00:07:32+08:00 ] /myweb/index.php/Admin/index/index | INFO: Tag[ view_parse ] --START--
[ 2012-10-17T00:07:32+08:00 ] /myweb/index.php/Admin/index/index | INFO: Run ParseTemplate Behavior [ RunTime:0.040853s ]
[ 2012-10-17T00:07:32+08:00 ] /myweb/index.php/Admin/index/index | INFO: Tag[ view_parse ] --END-- [ RunTime:0.041185s ]
[ 2012-10-17T00:07:32+08:00 ] /myweb/index.php/Admin/index/index | INFO: Tag[ view_filter ] --START--
[ 2012-10-17T00:07:32+08:00 ] /myweb/index.php/Admin/index/index | INFO: Run ContentReplace Behavior [ RunTime:0.003510s ]
[ 2012-10-17T00:07:32+08:00 ] /myweb/index.php/Admin/index/index | INFO: Run TokenBuild Behavior [ RunTime:0.003576s ]
[ 2012-10-17T00:07:32+08:00 ] /myweb/index.php/Admin/index/index | INFO: Run WriteHtmlCache Behavior [ RunTime:0.002291s ]
[ 2012-10-17T00:07:32+08:00 ] /myweb/index.php/Admin/index/index | INFO: Run ShowRuntime Behavior [ RunTime:0.002838s ]
[ 2012-10-17T00:07:32+08:00 ] /myweb/index.php/Admin/index/index | INFO: Tag[ view_filter ] --END-- [ RunTime:0.013423s ]
[ 2012-10-17T00:07:32+08:00 ] /myweb/index.php/Admin/index/index | INFO: Tag[ view_end ] --START--
[ 2012-10-17T00:07:32+08:00 ] /myweb/index.php/Admin/index/index | INFO: Run ShowPageTrace Behavior [ RunTime:0.001733s ]
[ 2012-10-17T00:07:32+08:00 ] /myweb/index.php/Admin/index/index | INFO: Tag[ view_end ] --END-- [ RunTime:0.001956s ]
[ 2012-10-17T00:07:32+08:00 ] /myweb/index.php/Admin/index/menu | INFO: Tag[ route_check ] --START--
[ 2012-10-17T00:07:32+08:00 ] /myweb/index.php/Admin/index/menu | INFO: Run CheckRoute Behavior [ RunTime:0.003152s ]
[ 2012-10-17T00:07:32+08:00 ] /myweb/index.php/Admin/index/menu | INFO: Tag[ route_check ] --END-- [ RunTime:0.003431s ]
[ 2012-10-17T00:07:32+08:00 ] /myweb/index.php/Admin/index/menu | INFO: Tag[ app_begin ] --START--
[ 2012-10-17T00:07:32+08:00 ] /myweb/index.php/Admin/index/menu | INFO: Run ReadHtmlCache Behavior [ RunTime:0.003333s ]
[ 2012-10-17T00:07:32+08:00 ] /myweb/index.php/Admin/index/menu | INFO: Run CheckLang Behavior [ RunTime:0.004391s ]
[ 2012-10-17T00:07:32+08:00 ] /myweb/index.php/Admin/index/menu | INFO: Tag[ app_begin ] --END-- [ RunTime:0.008271s ]
[ 2012-10-17T00:07:32+08:00 ] /myweb/index.php/Admin/index/menu | NOTIC: [8] Undefined index: action IndexAction.class.php 第 19 行.
[ 2012-10-17T00:07:32+08:00 ] /myweb/index.php/Admin/index/menu | SQL: SHOW COLUMNS FROM `my_category` [ RunTime:0.016977s ]
[ 2012-10-17T00:07:32+08:00 ] /myweb/index.php/Admin/index/menu | SQL: SELECT * FROM `my_category` WHERE pid=0  [ RunTime:0.000899s ]
[ 2012-10-17T00:07:32+08:00 ] /myweb/index.php/Admin/index/menu | INFO: Tag[ view_template ] --START--
[ 2012-10-17T00:07:32+08:00 ] /myweb/index.php/Admin/index/menu | INFO: Run LocationTemplate Behavior [ RunTime:0.002845s ]
[ 2012-10-17T00:07:32+08:00 ] /myweb/index.php/Admin/index/menu | INFO: Tag[ view_template ] --END-- [ RunTime:0.003091s ]
[ 2012-10-17T00:07:32+08:00 ] /myweb/index.php/Admin/index/menu | INFO: Tag[ view_parse ] --START--
[ 2012-10-17T00:07:32+08:00 ] /myweb/index.php/Admin/index/menu | NOTIC: [8] Undefined index: action 8d630bfcc3f8428cb093c5301748865f.php 第 32 行.
[ 2012-10-17T00:07:32+08:00 ] /myweb/index.php/Admin/index/menu | INFO: Run ParseTemplate Behavior [ RunTime:0.029621s ]
[ 2012-10-17T00:07:32+08:00 ] /myweb/index.php/Admin/index/menu | INFO: Tag[ view_parse ] --END-- [ RunTime:0.029843s ]
[ 2012-10-17T00:07:32+08:00 ] /myweb/index.php/Admin/index/menu | INFO: Tag[ view_filter ] --START--
[ 2012-10-17T00:07:32+08:00 ] /myweb/index.php/Admin/index/menu | INFO: Run ContentReplace Behavior [ RunTime:0.001616s ]
[ 2012-10-17T00:07:32+08:00 ] /myweb/index.php/Admin/index/menu | INFO: Run TokenBuild Behavior [ RunTime:0.001749s ]
[ 2012-10-17T00:07:32+08:00 ] /myweb/index.php/Admin/index/menu | INFO: Run WriteHtmlCache Behavior [ RunTime:0.001245s ]
[ 2012-10-17T00:07:32+08:00 ] /myweb/index.php/Admin/index/menu | INFO: Run ShowRuntime Behavior [ RunTime:0.001819s ]
[ 2012-10-17T00:07:32+08:00 ] /myweb/index.php/Admin/index/menu | INFO: Tag[ view_filter ] --END-- [ RunTime:0.007043s ]
[ 2012-10-17T00:07:32+08:00 ] /myweb/index.php/Admin/index/menu | INFO: Tag[ view_end ] --START--
[ 2012-10-17T00:07:32+08:00 ] /myweb/index.php/Admin/index/menu | INFO: Run ShowPageTrace Behavior [ RunTime:0.001741s ]
[ 2012-10-17T00:07:32+08:00 ] /myweb/index.php/Admin/index/menu | INFO: Tag[ view_end ] --END-- [ RunTime:0.001960s ]
[ 2012-10-17T00:07:32+08:00 ] /myweb/index.php/Admin/index/top | INFO: Tag[ route_check ] --START--
[ 2012-10-17T00:07:32+08:00 ] /myweb/index.php/Admin/index/top | INFO: Run CheckRoute Behavior [ RunTime:0.002984s ]
[ 2012-10-17T00:07:32+08:00 ] /myweb/index.php/Admin/index/top | INFO: Tag[ route_check ] --END-- [ RunTime:0.003285s ]
[ 2012-10-17T00:07:32+08:00 ] /myweb/index.php/Admin/index/top | INFO: Tag[ app_begin ] --START--
[ 2012-10-17T00:07:32+08:00 ] /myweb/index.php/Admin/index/top | INFO: Run ReadHtmlCache Behavior [ RunTime:0.002703s ]
[ 2012-10-17T00:07:32+08:00 ] /myweb/index.php/Admin/index/top | INFO: Run CheckLang Behavior [ RunTime:0.004771s ]
[ 2012-10-17T00:07:32+08:00 ] /myweb/index.php/Admin/index/top | INFO: Tag[ app_begin ] --END-- [ RunTime:0.007953s ]
[ 2012-10-17T00:07:33+08:00 ] /myweb/index.php/Admin/index/top | SQL: SHOW COLUMNS FROM `my_category` [ RunTime:0.018281s ]
[ 2012-10-17T00:07:33+08:00 ] /myweb/index.php/Admin/index/top | SQL: SELECT * FROM `my_category` WHERE pid=0  [ RunTime:0.001183s ]
[ 2012-10-17T00:07:33+08:00 ] /myweb/index.php/Admin/index/top | INFO: Tag[ view_template ] --START--
[ 2012-10-17T00:07:33+08:00 ] /myweb/index.php/Admin/index/top | INFO: Run LocationTemplate Behavior [ RunTime:0.003782s ]
[ 2012-10-17T00:07:33+08:00 ] /myweb/index.php/Admin/index/top | INFO: Tag[ view_template ] --END-- [ RunTime:0.004192s ]
[ 2012-10-17T00:07:33+08:00 ] /myweb/index.php/Admin/index/top | INFO: Tag[ view_parse ] --START--
[ 2012-10-17T00:07:33+08:00 ] /myweb/index.php/Admin/index/top | INFO: Run ParseTemplate Behavior [ RunTime:0.031439s ]
[ 2012-10-17T00:07:33+08:00 ] /myweb/index.php/Admin/index/top | INFO: Tag[ view_parse ] --END-- [ RunTime:0.031804s ]
[ 2012-10-17T00:07:33+08:00 ] /myweb/index.php/Admin/index/top | INFO: Tag[ view_filter ] --START--
[ 2012-10-17T00:07:33+08:00 ] /myweb/index.php/Admin/index/top | INFO: Run ContentReplace Behavior [ RunTime:0.002917s ]
[ 2012-10-17T00:07:33+08:00 ] /myweb/index.php/Admin/index/top | INFO: Run TokenBuild Behavior [ RunTime:0.002687s ]
[ 2012-10-17T00:07:33+08:00 ] /myweb/index.php/Admin/index/top | INFO: Run WriteHtmlCache Behavior [ RunTime:0.002026s ]
[ 2012-10-17T00:07:33+08:00 ] /myweb/index.php/Admin/index/top | INFO: Run ShowRuntime Behavior [ RunTime:0.002975s ]
[ 2012-10-17T00:07:33+08:00 ] /myweb/index.php/Admin/index/top | INFO: Tag[ view_filter ] --END-- [ RunTime:0.011738s ]
[ 2012-10-17T00:07:33+08:00 ] /myweb/index.php/Admin/index/top | INFO: Tag[ view_end ] --START--
[ 2012-10-17T00:07:33+08:00 ] /myweb/index.php/Admin/index/top | INFO: Run ShowPageTrace Behavior [ RunTime:0.002702s ]
[ 2012-10-17T00:07:33+08:00 ] /myweb/index.php/Admin/index/top | INFO: Tag[ view_end ] --END-- [ RunTime:0.003116s ]
[ 2012-10-17T00:07:32+08:00 ] /myweb/index.php/Admin/index/main | INFO: Tag[ route_check ] --START--
[ 2012-10-17T00:07:32+08:00 ] /myweb/index.php/Admin/index/main | INFO: Run CheckRoute Behavior [ RunTime:0.002827s ]
[ 2012-10-17T00:07:32+08:00 ] /myweb/index.php/Admin/index/main | INFO: Tag[ route_check ] --END-- [ RunTime:0.003110s ]
[ 2012-10-17T00:07:32+08:00 ] /myweb/index.php/Admin/index/main | INFO: Tag[ app_begin ] --START--
[ 2012-10-17T00:07:32+08:00 ] /myweb/index.php/Admin/index/main | INFO: Run ReadHtmlCache Behavior [ RunTime:0.001712s ]
[ 2012-10-17T00:07:32+08:00 ] /myweb/index.php/Admin/index/main | INFO: Run CheckLang Behavior [ RunTime:0.003434s ]
[ 2012-10-17T00:07:32+08:00 ] /myweb/index.php/Admin/index/main | INFO: Tag[ app_begin ] --END-- [ RunTime:0.005557s ]
[ 2012-10-17T00:07:33+08:00 ] /myweb/index.php/Admin/index/main | INFO: Tag[ view_template ] --START--
[ 2012-10-17T00:07:33+08:00 ] /myweb/index.php/Admin/index/main | INFO: Run LocationTemplate Behavior [ RunTime:0.003272s ]
[ 2012-10-17T00:07:33+08:00 ] /myweb/index.php/Admin/index/main | INFO: Tag[ view_template ] --END-- [ RunTime:0.004161s ]
[ 2012-10-17T00:07:33+08:00 ] /myweb/index.php/Admin/index/main | INFO: Tag[ view_parse ] --START--
[ 2012-10-17T00:07:33+08:00 ] /myweb/index.php/Admin/index/main | INFO: Run ParseTemplate Behavior [ RunTime:0.045508s ]
[ 2012-10-17T00:07:33+08:00 ] /myweb/index.php/Admin/index/main | INFO: Tag[ view_parse ] --END-- [ RunTime:0.046007s ]
[ 2012-10-17T00:07:33+08:00 ] /myweb/index.php/Admin/index/main | INFO: Tag[ view_filter ] --START--
[ 2012-10-17T00:07:33+08:00 ] /myweb/index.php/Admin/index/main | INFO: Run ContentReplace Behavior [ RunTime:0.006346s ]
[ 2012-10-17T00:07:33+08:00 ] /myweb/index.php/Admin/index/main | INFO: Run TokenBuild Behavior [ RunTime:0.002010s ]
[ 2012-10-17T00:07:33+08:00 ] /myweb/index.php/Admin/index/main | INFO: Run WriteHtmlCache Behavior [ RunTime:0.001394s ]
[ 2012-10-17T00:07:33+08:00 ] /myweb/index.php/Admin/index/main | INFO: Run ShowRuntime Behavior [ RunTime:0.002368s ]
[ 2012-10-17T00:07:33+08:00 ] /myweb/index.php/Admin/index/main | INFO: Tag[ view_filter ] --END-- [ RunTime:0.013222s ]
[ 2012-10-17T00:07:33+08:00 ] /myweb/index.php/Admin/index/main | INFO: Tag[ view_end ] --START--
[ 2012-10-17T00:07:33+08:00 ] /myweb/index.php/Admin/index/main | INFO: Run ShowPageTrace Behavior [ RunTime:0.002089s ]
[ 2012-10-17T00:07:33+08:00 ] /myweb/index.php/Admin/index/main | INFO: Tag[ view_end ] --END-- [ RunTime:0.002475s ]
[ 2012-10-17T00:07:33+08:00 ] /myweb/index.php/Admin/index/skin/images/frame/wbg.gif | ERR: (ThinkException) 非法操作skin
[ 2012-10-17T00:07:36+08:00 ] /myweb/index.php/Admin/index/menu/action/Setting | INFO: Tag[ route_check ] --START--
[ 2012-10-17T00:07:36+08:00 ] /myweb/index.php/Admin/index/menu/action/Setting | INFO: Run CheckRoute Behavior [ RunTime:0.003877s ]
[ 2012-10-17T00:07:36+08:00 ] /myweb/index.php/Admin/index/menu/action/Setting | INFO: Tag[ route_check ] --END-- [ RunTime:0.004226s ]
[ 2012-10-17T00:07:36+08:00 ] /myweb/index.php/Admin/index/menu/action/Setting | INFO: Tag[ app_begin ] --START--
[ 2012-10-17T00:07:36+08:00 ] /myweb/index.php/Admin/index/menu/action/Setting | INFO: Run ReadHtmlCache Behavior [ RunTime:0.002964s ]
[ 2012-10-17T00:07:36+08:00 ] /myweb/index.php/Admin/index/menu/action/Setting | INFO: Run CheckLang Behavior [ RunTime:0.005707s ]
[ 2012-10-17T00:07:36+08:00 ] /myweb/index.php/Admin/index/menu/action/Setting | INFO: Tag[ app_begin ] --END-- [ RunTime:0.009194s ]
[ 2012-10-17T00:07:36+08:00 ] /myweb/index.php/Admin/index/menu/action/Setting | SQL: SHOW COLUMNS FROM `my_category` [ RunTime:0.015686s ]
[ 2012-10-17T00:07:36+08:00 ] /myweb/index.php/Admin/index/menu/action/Setting | SQL: SELECT * FROM `my_category` WHERE pid=0  [ RunTime:0.000998s ]
[ 2012-10-17T00:07:36+08:00 ] /myweb/index.php/Admin/index/menu/action/Setting | INFO: Tag[ view_template ] --START--
[ 2012-10-17T00:07:36+08:00 ] /myweb/index.php/Admin/index/menu/action/Setting | INFO: Run LocationTemplate Behavior [ RunTime:0.002791s ]
[ 2012-10-17T00:07:36+08:00 ] /myweb/index.php/Admin/index/menu/action/Setting | INFO: Tag[ view_template ] --END-- [ RunTime:0.003183s ]
[ 2012-10-17T00:07:36+08:00 ] /myweb/index.php/Admin/index/menu/action/Setting | INFO: Tag[ view_parse ] --START--
[ 2012-10-17T00:07:36+08:00 ] /myweb/index.php/Admin/index/menu/action/Setting | INFO: Run ParseTemplate Behavior [ RunTime:0.037403s ]
[ 2012-10-17T00:07:36+08:00 ] /myweb/index.php/Admin/index/menu/action/Setting | INFO: Tag[ view_parse ] --END-- [ RunTime:0.037742s ]
[ 2012-10-17T00:07:36+08:00 ] /myweb/index.php/Admin/index/menu/action/Setting | INFO: Tag[ view_filter ] --START--
[ 2012-10-17T00:07:36+08:00 ] /myweb/index.php/Admin/index/menu/action/Setting | INFO: Run ContentReplace Behavior [ RunTime:0.003255s ]
[ 2012-10-17T00:07:36+08:00 ] /myweb/index.php/Admin/index/menu/action/Setting | INFO: Run TokenBuild Behavior [ RunTime:0.002169s ]
[ 2012-10-17T00:07:36+08:00 ] /myweb/index.php/Admin/index/menu/action/Setting | INFO: Run WriteHtmlCache Behavior [ RunTime:0.001570s ]
[ 2012-10-17T00:07:36+08:00 ] /myweb/index.php/Admin/index/menu/action/Setting | INFO: Run ShowRuntime Behavior [ RunTime:0.002345s ]
[ 2012-10-17T00:07:36+08:00 ] /myweb/index.php/Admin/index/menu/action/Setting | INFO: Tag[ view_filter ] --END-- [ RunTime:0.010150s ]
[ 2012-10-17T00:07:36+08:00 ] /myweb/index.php/Admin/index/menu/action/Setting | INFO: Tag[ view_end ] --START--
[ 2012-10-17T00:07:36+08:00 ] /myweb/index.php/Admin/index/menu/action/Setting | INFO: Run ShowPageTrace Behavior [ RunTime:0.004440s ]
[ 2012-10-17T00:07:36+08:00 ] /myweb/index.php/Admin/index/menu/action/Setting | INFO: Tag[ view_end ] --END-- [ RunTime:0.004720s ]
[ 2012-10-17T00:07:38+08:00 ] /myweb/index.php/Admin/Setting | INFO: Tag[ route_check ] --START--
[ 2012-10-17T00:07:38+08:00 ] /myweb/index.php/Admin/Setting | INFO: Run CheckRoute Behavior [ RunTime:0.004183s ]
[ 2012-10-17T00:07:38+08:00 ] /myweb/index.php/Admin/Setting | INFO: Tag[ route_check ] --END-- [ RunTime:0.004509s ]
[ 2012-10-17T00:07:38+08:00 ] /myweb/index.php/Admin/Setting | INFO: Tag[ app_begin ] --START--
[ 2012-10-17T00:07:38+08:00 ] /myweb/index.php/Admin/Setting | INFO: Run ReadHtmlCache Behavior [ RunTime:0.002517s ]
[ 2012-10-17T00:07:38+08:00 ] /myweb/index.php/Admin/Setting | INFO: Run CheckLang Behavior [ RunTime:0.005518s ]
[ 2012-10-17T00:07:38+08:00 ] /myweb/index.php/Admin/Setting | INFO: Tag[ app_begin ] --END-- [ RunTime:0.008580s ]
[ 2012-10-17T00:07:38+08:00 ] /myweb/index.php/Admin/Setting | INFO: Tag[ view_template ] --START--
[ 2012-10-17T00:07:38+08:00 ] /myweb/index.php/Admin/Setting | INFO: Run LocationTemplate Behavior [ RunTime:0.003100s ]
[ 2012-10-17T00:07:38+08:00 ] /myweb/index.php/Admin/Setting | INFO: Tag[ view_template ] --END-- [ RunTime:0.003472s ]
[ 2012-10-17T00:07:38+08:00 ] /myweb/index.php/Admin/Setting | INFO: Tag[ view_parse ] --START--
[ 2012-10-17T00:07:38+08:00 ] /myweb/index.php/Admin/Setting | INFO: Run ParseTemplate Behavior [ RunTime:0.040548s ]
[ 2012-10-17T00:07:38+08:00 ] /myweb/index.php/Admin/Setting | INFO: Tag[ view_parse ] --END-- [ RunTime:0.040918s ]
[ 2012-10-17T00:07:38+08:00 ] /myweb/index.php/Admin/Setting | INFO: Tag[ view_filter ] --START--
[ 2012-10-17T00:07:38+08:00 ] /myweb/index.php/Admin/Setting | INFO: Run ContentReplace Behavior [ RunTime:0.002568s ]
[ 2012-10-17T00:07:38+08:00 ] /myweb/index.php/Admin/Setting | INFO: Run TokenBuild Behavior [ RunTime:0.003128s ]
[ 2012-10-17T00:07:38+08:00 ] /myweb/index.php/Admin/Setting | INFO: Run WriteHtmlCache Behavior [ RunTime:0.002382s ]
[ 2012-10-17T00:07:38+08:00 ] /myweb/index.php/Admin/Setting | INFO: Run ShowRuntime Behavior [ RunTime:0.003230s ]
[ 2012-10-17T00:07:38+08:00 ] /myweb/index.php/Admin/Setting | INFO: Tag[ view_filter ] --END-- [ RunTime:0.012184s ]
[ 2012-10-17T00:07:38+08:00 ] /myweb/index.php/Admin/Setting | INFO: Tag[ view_end ] --START--
[ 2012-10-17T00:07:38+08:00 ] /myweb/index.php/Admin/Setting | INFO: Run ShowPageTrace Behavior [ RunTime:0.002271s ]
[ 2012-10-17T00:07:38+08:00 ] /myweb/index.php/Admin/Setting | INFO: Tag[ view_end ] --END-- [ RunTime:0.003186s ]
[ 2012-10-17T00:07:38+08:00 ] /myweb/index.php/Admin/%E7%BD%91%E7%AB%99LOGO | ERR: (ThinkException) 无法加载模块网站logo
[ 2012-10-17T00:07:38+08:00 ] /myweb/index.php/Admin/skin/images/allbg.gif | ERR: (ThinkException) 无法加载模块Skin
[ 2012-10-17T00:07:38+08:00 ] /myweb/index.php/Admin/skin/images/tbg.gif | ERR: (ThinkException) 无法加载模块Skin
[ 2012-10-17T00:07:39+08:00 ] /myweb/index.php/Admin/skin/images/newlinebg3.gif | ERR: (ThinkException) 无法加载模块Skin
[ 2012-10-17T00:07:39+08:00 ] /myweb/index.php/Admin/swfupload/swfupload.swf?preventswfcaching=1350403659147 | ERR: (ThinkException) 无法加载模块Swfupload
[ 2012-10-17T00:19:02+08:00 ] /myweb/index.php/Admin/skin/images/allbg.gif | ERR: (ThinkException) 无法加载模块Skin
[ 2012-10-17T00:19:02+08:00 ] /myweb/index.php/Admin/skin/images/newlinebg3.gif | ERR: (ThinkException) 无法加载模块Skin
[ 2012-10-17T00:19:02+08:00 ] /myweb/index.php/Admin/skin/images/tbg.gif | ERR: (ThinkException) 无法加载模块Skin
[ 2012-10-17T00:19:53+08:00 ] /myweb/index.php/Admin/Setting | INFO: Tag[ route_check ] --START--
[ 2012-10-17T00:19:53+08:00 ] /myweb/index.php/Admin/Setting | INFO: Run CheckRoute Behavior [ RunTime:0.004459s ]
[ 2012-10-17T00:19:53+08:00 ] /myweb/index.php/Admin/Setting | INFO: Tag[ route_check ] --END-- [ RunTime:0.004864s ]
[ 2012-10-17T00:19:53+08:00 ] /myweb/index.php/Admin/Setting | INFO: Tag[ app_begin ] --START--
[ 2012-10-17T00:19:53+08:00 ] /myweb/index.php/Admin/Setting | INFO: Run ReadHtmlCache Behavior [ RunTime:0.002777s ]
[ 2012-10-17T00:19:53+08:00 ] /myweb/index.php/Admin/Setting | INFO: Run CheckLang Behavior [ RunTime:0.005947s ]
[ 2012-10-17T00:19:53+08:00 ] /myweb/index.php/Admin/Setting | INFO: Tag[ app_begin ] --END-- [ RunTime:0.009668s ]
[ 2012-10-17T00:19:53+08:00 ] /myweb/index.php/Admin/Setting | INFO: Tag[ view_template ] --START--
[ 2012-10-17T00:19:53+08:00 ] /myweb/index.php/Admin/Setting | INFO: Run LocationTemplate Behavior [ RunTime:0.003239s ]
[ 2012-10-17T00:19:53+08:00 ] /myweb/index.php/Admin/Setting | INFO: Tag[ view_template ] --END-- [ RunTime:0.003559s ]
[ 2012-10-17T00:19:53+08:00 ] /myweb/index.php/Admin/Setting | INFO: Tag[ view_parse ] --START--
[ 2012-10-17T00:19:53+08:00 ] /myweb/index.php/Admin/Setting | INFO: Run ParseTemplate Behavior [ RunTime:0.040403s ]
[ 2012-10-17T00:19:53+08:00 ] /myweb/index.php/Admin/Setting | INFO: Tag[ view_parse ] --END-- [ RunTime:0.040730s ]
[ 2012-10-17T00:19:53+08:00 ] /myweb/index.php/Admin/Setting | INFO: Tag[ view_filter ] --START--
[ 2012-10-17T00:19:53+08:00 ] /myweb/index.php/Admin/Setting | INFO: Run ContentReplace Behavior [ RunTime:0.002134s ]
[ 2012-10-17T00:19:53+08:00 ] /myweb/index.php/Admin/Setting | INFO: Run TokenBuild Behavior [ RunTime:0.002339s ]
[ 2012-10-17T00:19:53+08:00 ] /myweb/index.php/Admin/Setting | INFO: Run WriteHtmlCache Behavior [ RunTime:0.001717s ]
[ 2012-10-17T00:19:53+08:00 ] /myweb/index.php/Admin/Setting | INFO: Run ShowRuntime Behavior [ RunTime:0.002457s ]
[ 2012-10-17T00:19:53+08:00 ] /myweb/index.php/Admin/Setting | INFO: Tag[ view_filter ] --END-- [ RunTime:0.009450s ]
[ 2012-10-17T00:19:53+08:00 ] /myweb/index.php/Admin/Setting | INFO: Tag[ view_end ] --START--
[ 2012-10-17T00:19:53+08:00 ] /myweb/index.php/Admin/Setting | INFO: Run ShowPageTrace Behavior [ RunTime:0.002426s ]
[ 2012-10-17T00:19:53+08:00 ] /myweb/index.php/Admin/Setting | INFO: Tag[ view_end ] --END-- [ RunTime:0.002706s ]
[ 2012-10-17T00:19:53+08:00 ] /myweb/index.php/Admin/%E7%BD%91%E7%AB%99LOGO | ERR: (ThinkException) 无法加载模块网站logo
[ 2012-10-17T00:19:54+08:00 ] /myweb/index.php/Admin/skin/images/newlinebg3.gif | ERR: (ThinkException) 无法加载模块Skin
[ 2012-10-17T00:19:54+08:00 ] /myweb/index.php/Admin/skin/images/tbg.gif | ERR: (ThinkException) 无法加载模块Skin
[ 2012-10-17T00:19:54+08:00 ] /myweb/index.php/Admin/%E7%BD%91%E7%AB%99LOGO | ERR: (ThinkException) 无法加载模块网站logo
[ 2012-10-17T00:19:54+08:00 ] /myweb/index.php/Admin/skin/images/allbg.gif | ERR: (ThinkException) 无法加载模块Skin
[ 2012-10-17T00:23:23+08:00 ] /myweb/index.php/Admin/Setting | INFO: Tag[ route_check ] --START--
[ 2012-10-17T00:23:23+08:00 ] /myweb/index.php/Admin/Setting | INFO: Run CheckRoute Behavior [ RunTime:0.003960s ]
[ 2012-10-17T00:23:23+08:00 ] /myweb/index.php/Admin/Setting | INFO: Tag[ route_check ] --END-- [ RunTime:0.004305s ]
[ 2012-10-17T00:23:23+08:00 ] /myweb/index.php/Admin/Setting | INFO: Tag[ app_begin ] --START--
[ 2012-10-17T00:23:23+08:00 ] /myweb/index.php/Admin/Setting | INFO: Run ReadHtmlCache Behavior [ RunTime:0.003981s ]
[ 2012-10-17T00:23:23+08:00 ] /myweb/index.php/Admin/Setting | INFO: Run CheckLang Behavior [ RunTime:0.005772s ]
[ 2012-10-17T00:23:23+08:00 ] /myweb/index.php/Admin/Setting | INFO: Tag[ app_begin ] --END-- [ RunTime:0.010330s ]
[ 2012-10-17T00:23:23+08:00 ] /myweb/index.php/Admin/Setting | INFO: Tag[ view_template ] --START--
[ 2012-10-17T00:23:23+08:00 ] /myweb/index.php/Admin/Setting | INFO: Run LocationTemplate Behavior [ RunTime:0.004328s ]
[ 2012-10-17T00:23:23+08:00 ] /myweb/index.php/Admin/Setting | INFO: Tag[ view_template ] --END-- [ RunTime:0.004667s ]
[ 2012-10-17T00:23:23+08:00 ] /myweb/index.php/Admin/Setting | INFO: Tag[ view_parse ] --START--
[ 2012-10-17T00:23:24+08:00 ] /myweb/index.php/Admin/Setting | INFO: Run ParseTemplate Behavior [ RunTime:0.035331s ]
[ 2012-10-17T00:23:24+08:00 ] /myweb/index.php/Admin/Setting | INFO: Tag[ view_parse ] --END-- [ RunTime:0.035664s ]
[ 2012-10-17T00:23:24+08:00 ] /myweb/index.php/Admin/Setting | INFO: Tag[ view_filter ] --START--
[ 2012-10-17T00:23:24+08:00 ] /myweb/index.php/Admin/Setting | INFO: Run ContentReplace Behavior [ RunTime:0.002210s ]
[ 2012-10-17T00:23:24+08:00 ] /myweb/index.php/Admin/Setting | INFO: Run TokenBuild Behavior [ RunTime:0.002517s ]
[ 2012-10-17T00:23:24+08:00 ] /myweb/index.php/Admin/Setting | INFO: Run WriteHtmlCache Behavior [ RunTime:0.001650s ]
[ 2012-10-17T00:23:24+08:00 ] /myweb/index.php/Admin/Setting | INFO: Run ShowRuntime Behavior [ RunTime:0.002508s ]
[ 2012-10-17T00:23:24+08:00 ] /myweb/index.php/Admin/Setting | INFO: Tag[ view_filter ] --END-- [ RunTime:0.009904s ]
[ 2012-10-17T00:23:24+08:00 ] /myweb/index.php/Admin/Setting | INFO: Tag[ view_end ] --START--
[ 2012-10-17T00:23:24+08:00 ] /myweb/index.php/Admin/Setting | INFO: Run ShowPageTrace Behavior [ RunTime:0.002137s ]
[ 2012-10-17T00:23:24+08:00 ] /myweb/index.php/Admin/Setting | INFO: Tag[ view_end ] --END-- [ RunTime:0.002408s ]
[ 2012-10-17T00:23:24+08:00 ] /myweb/index.php/Admin/%E7%BD%91%E7%AB%99LOGO | ERR: (ThinkException) 无法加载模块网站logo
[ 2012-10-17T00:23:24+08:00 ] /myweb/index.php/Admin/%E7%BD%91%E7%AB%99LOGO | ERR: (ThinkException) 无法加载模块网站logo
[ 2012-10-17T00:23:24+08:00 ] /myweb/index.php/Admin/skin/images/allbg.gif | ERR: (ThinkException) 无法加载模块Skin
[ 2012-10-17T00:23:24+08:00 ] /myweb/index.php/Admin/skin/images/newlinebg3.gif | ERR: (ThinkException) 无法加载模块Skin
[ 2012-10-17T00:23:24+08:00 ] /myweb/index.php/Admin/skin/images/tbg.gif | ERR: (ThinkException) 无法加载模块Skin
[ 2012-10-17T00:23:36+08:00 ] /myweb/index.php/Admin/index/index | INFO: Tag[ route_check ] --START--
[ 2012-10-17T00:23:36+08:00 ] /myweb/index.php/Admin/index/index | INFO: Run CheckRoute Behavior [ RunTime:0.002493s ]
[ 2012-10-17T00:23:36+08:00 ] /myweb/index.php/Admin/index/index | INFO: Tag[ route_check ] --END-- [ RunTime:0.002815s ]
[ 2012-10-17T00:23:36+08:00 ] /myweb/index.php/Admin/index/index | INFO: Tag[ app_begin ] --START--
[ 2012-10-17T00:23:36+08:00 ] /myweb/index.php/Admin/index/index | INFO: Run ReadHtmlCache Behavior [ RunTime:0.002101s ]
[ 2012-10-17T00:23:36+08:00 ] /myweb/index.php/Admin/index/index | INFO: Run CheckLang Behavior [ RunTime:0.004274s ]
[ 2012-10-17T00:23:36+08:00 ] /myweb/index.php/Admin/index/index | INFO: Tag[ app_begin ] --END-- [ RunTime:0.006875s ]
[ 2012-10-17T00:23:36+08:00 ] /myweb/index.php/Admin/index/index | INFO: Tag[ view_template ] --START--
[ 2012-10-17T00:23:36+08:00 ] /myweb/index.php/Admin/index/index | INFO: Run LocationTemplate Behavior [ RunTime:0.002337s ]
[ 2012-10-17T00:23:36+08:00 ] /myweb/index.php/Admin/index/index | INFO: Tag[ view_template ] --END-- [ RunTime:0.002652s ]
[ 2012-10-17T00:23:36+08:00 ] /myweb/index.php/Admin/index/index | INFO: Tag[ view_parse ] --START--
[ 2012-10-17T00:23:36+08:00 ] /myweb/index.php/Admin/index/index | INFO: Run ParseTemplate Behavior [ RunTime:0.024499s ]
[ 2012-10-17T00:23:36+08:00 ] /myweb/index.php/Admin/index/index | INFO: Tag[ view_parse ] --END-- [ RunTime:0.024815s ]
[ 2012-10-17T00:23:36+08:00 ] /myweb/index.php/Admin/index/index | INFO: Tag[ view_filter ] --START--
[ 2012-10-17T00:23:36+08:00 ] /myweb/index.php/Admin/index/index | INFO: Run ContentReplace Behavior [ RunTime:0.001720s ]
[ 2012-10-17T00:23:36+08:00 ] /myweb/index.php/Admin/index/index | INFO: Run TokenBuild Behavior [ RunTime:0.001740s ]
[ 2012-10-17T00:23:36+08:00 ] /myweb/index.php/Admin/index/index | INFO: Run WriteHtmlCache Behavior [ RunTime:0.001221s ]
[ 2012-10-17T00:23:36+08:00 ] /myweb/index.php/Admin/index/index | INFO: Run ShowRuntime Behavior [ RunTime:0.002002s ]
[ 2012-10-17T00:23:36+08:00 ] /myweb/index.php/Admin/index/index | INFO: Tag[ view_filter ] --END-- [ RunTime:0.007510s ]
[ 2012-10-17T00:23:36+08:00 ] /myweb/index.php/Admin/index/index | INFO: Tag[ view_end ] --START--
[ 2012-10-17T00:23:36+08:00 ] /myweb/index.php/Admin/index/index | INFO: Run ShowPageTrace Behavior [ RunTime:0.001896s ]
[ 2012-10-17T00:23:36+08:00 ] /myweb/index.php/Admin/index/index | INFO: Tag[ view_end ] --END-- [ RunTime:0.002173s ]
[ 2012-10-17T00:23:36+08:00 ] /myweb/index.php/Admin/index/top | INFO: Tag[ route_check ] --START--
[ 2012-10-17T00:23:36+08:00 ] /myweb/index.php/Admin/index/top | INFO: Run CheckRoute Behavior [ RunTime:0.003230s ]
[ 2012-10-17T00:23:36+08:00 ] /myweb/index.php/Admin/index/top | INFO: Tag[ route_check ] --END-- [ RunTime:0.005174s ]
[ 2012-10-17T00:23:36+08:00 ] /myweb/index.php/Admin/index/top | INFO: Tag[ app_begin ] --START--
[ 2012-10-17T00:23:36+08:00 ] /myweb/index.php/Admin/index/top | INFO: Run ReadHtmlCache Behavior [ RunTime:0.002151s ]
[ 2012-10-17T00:23:36+08:00 ] /myweb/index.php/Admin/index/top | INFO: Run CheckLang Behavior [ RunTime:0.004374s ]
[ 2012-10-17T00:23:36+08:00 ] /myweb/index.php/Admin/index/top | INFO: Tag[ app_begin ] --END-- [ RunTime:0.007258s ]
[ 2012-10-17T00:23:37+08:00 ] /myweb/index.php/Admin/index/top | SQL: SHOW COLUMNS FROM `my_category` [ RunTime:0.019639s ]
[ 2012-10-17T00:23:37+08:00 ] /myweb/index.php/Admin/index/top | SQL: SELECT * FROM `my_category` WHERE pid=0  [ RunTime:0.000738s ]
[ 2012-10-17T00:23:37+08:00 ] /myweb/index.php/Admin/index/top | INFO: Tag[ view_template ] --START--
[ 2012-10-17T00:23:37+08:00 ] /myweb/index.php/Admin/index/top | INFO: Run LocationTemplate Behavior [ RunTime:0.001856s ]
[ 2012-10-17T00:23:37+08:00 ] /myweb/index.php/Admin/index/top | INFO: Tag[ view_template ] --END-- [ RunTime:0.002335s ]
[ 2012-10-17T00:23:37+08:00 ] /myweb/index.php/Admin/index/top | INFO: Tag[ view_parse ] --START--
[ 2012-10-17T00:23:37+08:00 ] /myweb/index.php/Admin/index/top | INFO: Run ParseTemplate Behavior [ RunTime:0.026915s ]
[ 2012-10-17T00:23:37+08:00 ] /myweb/index.php/Admin/index/top | INFO: Tag[ view_parse ] --END-- [ RunTime:0.027165s ]
[ 2012-10-17T00:23:37+08:00 ] /myweb/index.php/Admin/index/top | INFO: Tag[ view_filter ] --START--
[ 2012-10-17T00:23:37+08:00 ] /myweb/index.php/Admin/index/top | INFO: Run ContentReplace Behavior [ RunTime:0.001190s ]
[ 2012-10-17T00:23:37+08:00 ] /myweb/index.php/Admin/index/top | INFO: Run TokenBuild Behavior [ RunTime:0.001238s ]
[ 2012-10-17T00:23:37+08:00 ] /myweb/index.php/Admin/index/top | INFO: Run WriteHtmlCache Behavior [ RunTime:0.000783s ]
[ 2012-10-17T00:23:37+08:00 ] /myweb/index.php/Admin/index/top | INFO: Run ShowRuntime Behavior [ RunTime:0.001419s ]
[ 2012-10-17T00:23:37+08:00 ] /myweb/index.php/Admin/index/top | INFO: Tag[ view_filter ] --END-- [ RunTime:0.005222s ]
[ 2012-10-17T00:23:37+08:00 ] /myweb/index.php/Admin/index/top | INFO: Tag[ view_end ] --START--
[ 2012-10-17T00:23:37+08:00 ] /myweb/index.php/Admin/index/top | INFO: Run ShowPageTrace Behavior [ RunTime:0.001155s ]
[ 2012-10-17T00:23:37+08:00 ] /myweb/index.php/Admin/index/top | INFO: Tag[ view_end ] --END-- [ RunTime:0.001368s ]
[ 2012-10-17T00:23:37+08:00 ] /myweb/index.php/Admin/index/menu | INFO: Tag[ route_check ] --START--
[ 2012-10-17T00:23:37+08:00 ] /myweb/index.php/Admin/index/menu | INFO: Run CheckRoute Behavior [ RunTime:0.004402s ]
[ 2012-10-17T00:23:37+08:00 ] /myweb/index.php/Admin/index/menu | INFO: Tag[ route_check ] --END-- [ RunTime:0.004794s ]
[ 2012-10-17T00:23:37+08:00 ] /myweb/index.php/Admin/index/menu | INFO: Tag[ app_begin ] --START--
[ 2012-10-17T00:23:37+08:00 ] /myweb/index.php/Admin/index/menu | INFO: Run ReadHtmlCache Behavior [ RunTime:0.002894s ]
[ 2012-10-17T00:23:37+08:00 ] /myweb/index.php/Admin/index/menu | INFO: Run CheckLang Behavior [ RunTime:0.005317s ]
[ 2012-10-17T00:23:37+08:00 ] /myweb/index.php/Admin/index/menu | INFO: Tag[ app_begin ] --END-- [ RunTime:0.008804s ]
[ 2012-10-17T00:23:37+08:00 ] /myweb/index.php/Admin/index/menu | NOTIC: [8] Undefined index: action IndexAction.class.php 第 19 行.
[ 2012-10-17T00:23:37+08:00 ] /myweb/index.php/Admin/index/menu | SQL: SHOW COLUMNS FROM `my_category` [ RunTime:0.020623s ]
[ 2012-10-17T00:23:37+08:00 ] /myweb/index.php/Admin/index/menu | SQL: SELECT * FROM `my_category` WHERE pid=0  [ RunTime:0.001058s ]
[ 2012-10-17T00:23:37+08:00 ] /myweb/index.php/Admin/index/menu | INFO: Tag[ view_template ] --START--
[ 2012-10-17T00:23:37+08:00 ] /myweb/index.php/Admin/index/menu | INFO: Run LocationTemplate Behavior [ RunTime:0.002519s ]
[ 2012-10-17T00:23:37+08:00 ] /myweb/index.php/Admin/index/menu | INFO: Tag[ view_template ] --END-- [ RunTime:0.002769s ]
[ 2012-10-17T00:23:37+08:00 ] /myweb/index.php/Admin/index/menu | INFO: Tag[ view_parse ] --START--
[ 2012-10-17T00:23:37+08:00 ] /myweb/index.php/Admin/index/menu | NOTIC: [8] Undefined index: action 8d630bfcc3f8428cb093c5301748865f.php 第 32 行.
[ 2012-10-17T00:23:37+08:00 ] /myweb/index.php/Admin/index/menu | INFO: Run ParseTemplate Behavior [ RunTime:0.027784s ]
[ 2012-10-17T00:23:37+08:00 ] /myweb/index.php/Admin/index/menu | INFO: Tag[ view_parse ] --END-- [ RunTime:0.028022s ]
[ 2012-10-17T00:23:37+08:00 ] /myweb/index.php/Admin/index/menu | INFO: Tag[ view_filter ] --START--
[ 2012-10-17T00:23:37+08:00 ] /myweb/index.php/Admin/index/menu | INFO: Run ContentReplace Behavior [ RunTime:0.001648s ]
[ 2012-10-17T00:23:37+08:00 ] /myweb/index.php/Admin/index/menu | INFO: Run TokenBuild Behavior [ RunTime:0.001739s ]
[ 2012-10-17T00:23:37+08:00 ] /myweb/index.php/Admin/index/menu | INFO: Run WriteHtmlCache Behavior [ RunTime:0.001316s ]
[ 2012-10-17T00:23:37+08:00 ] /myweb/index.php/Admin/index/menu | INFO: Run ShowRuntime Behavior [ RunTime:0.001948s ]
[ 2012-10-17T00:23:37+08:00 ] /myweb/index.php/Admin/index/menu | INFO: Tag[ view_filter ] --END-- [ RunTime:0.007306s ]
[ 2012-10-17T00:23:37+08:00 ] /myweb/index.php/Admin/index/menu | INFO: Tag[ view_end ] --START--
[ 2012-10-17T00:23:37+08:00 ] /myweb/index.php/Admin/index/menu | INFO: Run ShowPageTrace Behavior [ RunTime:0.001687s ]
[ 2012-10-17T00:23:37+08:00 ] /myweb/index.php/Admin/index/menu | INFO: Tag[ view_end ] --END-- [ RunTime:0.001922s ]
[ 2012-10-17T00:23:37+08:00 ] /myweb/index.php/Admin/index/main | INFO: Tag[ route_check ] --START--
[ 2012-10-17T00:23:37+08:00 ] /myweb/index.php/Admin/index/main | INFO: Run CheckRoute Behavior [ RunTime:0.006300s ]
[ 2012-10-17T00:23:37+08:00 ] /myweb/index.php/Admin/index/main | INFO: Tag[ route_check ] --END-- [ RunTime:0.006717s ]
[ 2012-10-17T00:23:37+08:00 ] /myweb/index.php/Admin/index/main | INFO: Tag[ app_begin ] --START--
[ 2012-10-17T00:23:37+08:00 ] /myweb/index.php/Admin/index/main | INFO: Run ReadHtmlCache Behavior [ RunTime:0.001675s ]
[ 2012-10-17T00:23:37+08:00 ] /myweb/index.php/Admin/index/main | INFO: Run CheckLang Behavior [ RunTime:0.003515s ]
[ 2012-10-17T00:23:37+08:00 ] /myweb/index.php/Admin/index/main | INFO: Tag[ app_begin ] --END-- [ RunTime:0.005776s ]
[ 2012-10-17T00:23:37+08:00 ] /myweb/index.php/Admin/index/main | INFO: Tag[ view_template ] --START--
[ 2012-10-17T00:23:37+08:00 ] /myweb/index.php/Admin/index/main | INFO: Run LocationTemplate Behavior [ RunTime:0.003576s ]
[ 2012-10-17T00:23:37+08:00 ] /myweb/index.php/Admin/index/main | INFO: Tag[ view_template ] --END-- [ RunTime:0.003847s ]
[ 2012-10-17T00:23:37+08:00 ] /myweb/index.php/Admin/index/main | INFO: Tag[ view_parse ] --START--
[ 2012-10-17T00:23:37+08:00 ] /myweb/index.php/Admin/index/main | INFO: Run ParseTemplate Behavior [ RunTime:0.023763s ]
[ 2012-10-17T00:23:37+08:00 ] /myweb/index.php/Admin/index/main | INFO: Tag[ view_parse ] --END-- [ RunTime:0.024046s ]
[ 2012-10-17T00:23:37+08:00 ] /myweb/index.php/Admin/index/main | INFO: Tag[ view_filter ] --START--
[ 2012-10-17T00:23:37+08:00 ] /myweb/index.php/Admin/index/main | INFO: Run ContentReplace Behavior [ RunTime:0.001322s ]
[ 2012-10-17T00:23:37+08:00 ] /myweb/index.php/Admin/index/main | INFO: Run TokenBuild Behavior [ RunTime:0.001345s ]
[ 2012-10-17T00:23:37+08:00 ] /myweb/index.php/Admin/index/main | INFO: Run WriteHtmlCache Behavior [ RunTime:0.000934s ]
[ 2012-10-17T00:23:37+08:00 ] /myweb/index.php/Admin/index/main | INFO: Run ShowRuntime Behavior [ RunTime:0.001890s ]
[ 2012-10-17T00:23:37+08:00 ] /myweb/index.php/Admin/index/main | INFO: Tag[ view_filter ] --END-- [ RunTime:0.006224s ]
[ 2012-10-17T00:23:37+08:00 ] /myweb/index.php/Admin/index/main | INFO: Tag[ view_end ] --START--
[ 2012-10-17T00:23:37+08:00 ] /myweb/index.php/Admin/index/main | INFO: Run ShowPageTrace Behavior [ RunTime:0.002135s ]
[ 2012-10-17T00:23:37+08:00 ] /myweb/index.php/Admin/index/main | INFO: Tag[ view_end ] --END-- [ RunTime:0.002500s ]
[ 2012-10-17T00:23:37+08:00 ] /myweb/index.php/Admin/index/skin/images/frame/wbg.gif | ERR: (ThinkException) 非法操作skin
[ 2012-10-17T00:23:38+08:00 ] /myweb/index.php/Admin/index/menu/action/Setting | INFO: Tag[ route_check ] --START--
[ 2012-10-17T00:23:38+08:00 ] /myweb/index.php/Admin/index/menu/action/Setting | INFO: Run CheckRoute Behavior [ RunTime:0.003433s ]
[ 2012-10-17T00:23:38+08:00 ] /myweb/index.php/Admin/index/menu/action/Setting | INFO: Tag[ route_check ] --END-- [ RunTime:0.003790s ]
[ 2012-10-17T00:23:38+08:00 ] /myweb/index.php/Admin/index/menu/action/Setting | INFO: Tag[ app_begin ] --START--
[ 2012-10-17T00:23:38+08:00 ] /myweb/index.php/Admin/index/menu/action/Setting | INFO: Run ReadHtmlCache Behavior [ RunTime:0.001891s ]
[ 2012-10-17T00:23:38+08:00 ] /myweb/index.php/Admin/index/menu/action/Setting | INFO: Run CheckLang Behavior [ RunTime:0.003352s ]
[ 2012-10-17T00:23:38+08:00 ] /myweb/index.php/Admin/index/menu/action/Setting | INFO: Tag[ app_begin ] --END-- [ RunTime:0.005688s ]
[ 2012-10-17T00:23:38+08:00 ] /myweb/index.php/Admin/index/menu/action/Setting | SQL: SHOW COLUMNS FROM `my_category` [ RunTime:0.015160s ]
[ 2012-10-17T00:23:38+08:00 ] /myweb/index.php/Admin/index/menu/action/Setting | SQL: SELECT * FROM `my_category` WHERE pid=0  [ RunTime:0.001081s ]
[ 2012-10-17T00:23:38+08:00 ] /myweb/index.php/Admin/index/menu/action/Setting | INFO: Tag[ view_template ] --START--
[ 2012-10-17T00:23:38+08:00 ] /myweb/index.php/Admin/index/menu/action/Setting | INFO: Run LocationTemplate Behavior [ RunTime:0.002057s ]
[ 2012-10-17T00:23:38+08:00 ] /myweb/index.php/Admin/index/menu/action/Setting | INFO: Tag[ view_template ] --END-- [ RunTime:0.002350s ]
[ 2012-10-17T00:23:38+08:00 ] /myweb/index.php/Admin/index/menu/action/Setting | INFO: Tag[ view_parse ] --START--
[ 2012-10-17T00:23:38+08:00 ] /myweb/index.php/Admin/index/menu/action/Setting | INFO: Run ParseTemplate Behavior [ RunTime:0.039084s ]
[ 2012-10-17T00:23:38+08:00 ] /myweb/index.php/Admin/index/menu/action/Setting | INFO: Tag[ view_parse ] --END-- [ RunTime:0.039390s ]
[ 2012-10-17T00:23:38+08:00 ] /myweb/index.php/Admin/index/menu/action/Setting | INFO: Tag[ view_filter ] --START--
[ 2012-10-17T00:23:38+08:00 ] /myweb/index.php/Admin/index/menu/action/Setting | INFO: Run ContentReplace Behavior [ RunTime:0.001612s ]
[ 2012-10-17T00:23:38+08:00 ] /myweb/index.php/Admin/index/menu/action/Setting | INFO: Run TokenBuild Behavior [ RunTime:0.001773s ]
[ 2012-10-17T00:23:38+08:00 ] /myweb/index.php/Admin/index/menu/action/Setting | INFO: Run WriteHtmlCache Behavior [ RunTime:0.000967s ]
[ 2012-10-17T00:23:38+08:00 ] /myweb/index.php/Admin/index/menu/action/Setting | INFO: Run ShowRuntime Behavior [ RunTime:0.002609s ]
[ 2012-10-17T00:23:38+08:00 ] /myweb/index.php/Admin/index/menu/action/Setting | INFO: Tag[ view_filter ] --END-- [ RunTime:0.008097s ]
[ 2012-10-17T00:23:38+08:00 ] /myweb/index.php/Admin/index/menu/action/Setting | INFO: Tag[ view_end ] --START--
[ 2012-10-17T00:23:38+08:00 ] /myweb/index.php/Admin/index/menu/action/Setting | INFO: Run ShowPageTrace Behavior [ RunTime:0.002111s ]
[ 2012-10-17T00:23:38+08:00 ] /myweb/index.php/Admin/index/menu/action/Setting | INFO: Tag[ view_end ] --END-- [ RunTime:0.008617s ]
[ 2012-10-17T00:23:41+08:00 ] /myweb/index.php/Admin/Setting | INFO: Tag[ route_check ] --START--
[ 2012-10-17T00:23:41+08:00 ] /myweb/index.php/Admin/Setting | INFO: Run CheckRoute Behavior [ RunTime:0.003144s ]
[ 2012-10-17T00:23:41+08:00 ] /myweb/index.php/Admin/Setting | INFO: Tag[ route_check ] --END-- [ RunTime:0.003485s ]
[ 2012-10-17T00:23:41+08:00 ] /myweb/index.php/Admin/Setting | INFO: Tag[ app_begin ] --START--
[ 2012-10-17T00:23:41+08:00 ] /myweb/index.php/Admin/Setting | INFO: Run ReadHtmlCache Behavior [ RunTime:0.001881s ]
[ 2012-10-17T00:23:41+08:00 ] /myweb/index.php/Admin/Setting | INFO: Run CheckLang Behavior [ RunTime:0.003562s ]
[ 2012-10-17T00:23:41+08:00 ] /myweb/index.php/Admin/Setting | INFO: Tag[ app_begin ] --END-- [ RunTime:0.005909s ]
[ 2012-10-17T00:23:41+08:00 ] /myweb/index.php/Admin/Setting | INFO: Tag[ view_template ] --START--
[ 2012-10-17T00:23:41+08:00 ] /myweb/index.php/Admin/Setting | INFO: Run LocationTemplate Behavior [ RunTime:0.001914s ]
[ 2012-10-17T00:23:41+08:00 ] /myweb/index.php/Admin/Setting | INFO: Tag[ view_template ] --END-- [ RunTime:0.002205s ]
[ 2012-10-17T00:23:41+08:00 ] /myweb/index.php/Admin/Setting | INFO: Tag[ view_parse ] --START--
[ 2012-10-17T00:23:41+08:00 ] /myweb/index.php/Admin/Setting | INFO: Run ParseTemplate Behavior [ RunTime:0.027895s ]
[ 2012-10-17T00:23:41+08:00 ] /myweb/index.php/Admin/Setting | INFO: Tag[ view_parse ] --END-- [ RunTime:0.028266s ]
[ 2012-10-17T00:23:41+08:00 ] /myweb/index.php/Admin/Setting | INFO: Tag[ view_filter ] --START--
[ 2012-10-17T00:23:41+08:00 ] /myweb/index.php/Admin/Setting | INFO: Run ContentReplace Behavior [ RunTime:0.002242s ]
[ 2012-10-17T00:23:41+08:00 ] /myweb/index.php/Admin/Setting | INFO: Run TokenBuild Behavior [ RunTime:0.001902s ]
[ 2012-10-17T00:23:41+08:00 ] /myweb/index.php/Admin/Setting | INFO: Run WriteHtmlCache Behavior [ RunTime:0.000985s ]
[ 2012-10-17T00:23:41+08:00 ] /myweb/index.php/Admin/Setting | INFO: Run ShowRuntime Behavior [ RunTime:0.001828s ]
[ 2012-10-17T00:23:41+08:00 ] /myweb/index.php/Admin/Setting | INFO: Tag[ view_filter ] --END-- [ RunTime:0.007775s ]
[ 2012-10-17T00:23:41+08:00 ] /myweb/index.php/Admin/Setting | INFO: Tag[ view_end ] --START--
[ 2012-10-17T00:23:41+08:00 ] /myweb/index.php/Admin/Setting | INFO: Run ShowPageTrace Behavior [ RunTime:0.001503s ]
[ 2012-10-17T00:23:41+08:00 ] /myweb/index.php/Admin/Setting | INFO: Tag[ view_end ] --END-- [ RunTime:0.001768s ]
[ 2012-10-17T00:23:41+08:00 ] /myweb/index.php/Admin/skin/images/allbg.gif | ERR: (ThinkException) 无法加载模块Skin
[ 2012-10-17T00:23:41+08:00 ] /myweb/index.php/Admin/skin/images/tbg.gif | ERR: (ThinkException) 无法加载模块Skin
[ 2012-10-17T00:23:41+08:00 ] /myweb/index.php/Admin/skin/images/newlinebg3.gif | ERR: (ThinkException) 无法加载模块Skin
[ 2012-10-17T00:23:41+08:00 ] /myweb/index.php/Admin/%E7%BD%91%E7%AB%99LOGO | ERR: (ThinkException) 无法加载模块网站logo
[ 2012-10-17T00:25:16+08:00 ] /myweb/index.php/Admin/index/menu/action/Setting | INFO: Tag[ route_check ] --START--
[ 2012-10-17T00:25:16+08:00 ] /myweb/index.php/Admin/index/menu/action/Setting | INFO: Run CheckRoute Behavior [ RunTime:0.004007s ]
[ 2012-10-17T00:25:16+08:00 ] /myweb/index.php/Admin/index/menu/action/Setting | INFO: Tag[ route_check ] --END-- [ RunTime:0.004353s ]
[ 2012-10-17T00:25:16+08:00 ] /myweb/index.php/Admin/index/menu/action/Setting | INFO: Tag[ app_begin ] --START--
[ 2012-10-17T00:25:16+08:00 ] /myweb/index.php/Admin/index/menu/action/Setting | INFO: Run ReadHtmlCache Behavior [ RunTime:0.002771s ]
[ 2012-10-17T00:25:16+08:00 ] /myweb/index.php/Admin/index/menu/action/Setting | INFO: Run CheckLang Behavior [ RunTime:0.006069s ]
[ 2012-10-17T00:25:16+08:00 ] /myweb/index.php/Admin/index/menu/action/Setting | INFO: Tag[ app_begin ] --END-- [ RunTime:0.009428s ]
[ 2012-10-17T00:25:16+08:00 ] /myweb/index.php/Admin/index/menu/action/Setting | SQL: SHOW COLUMNS FROM `my_category` [ RunTime:0.019626s ]
[ 2012-10-17T00:25:16+08:00 ] /myweb/index.php/Admin/index/menu/action/Setting | SQL: SELECT * FROM `my_category` WHERE pid=0  [ RunTime:0.001191s ]
[ 2012-10-17T00:25:16+08:00 ] /myweb/index.php/Admin/index/menu/action/Setting | INFO: Tag[ view_template ] --START--
[ 2012-10-17T00:25:16+08:00 ] /myweb/index.php/Admin/index/menu/action/Setting | INFO: Run LocationTemplate Behavior [ RunTime:0.003743s ]
[ 2012-10-17T00:25:16+08:00 ] /myweb/index.php/Admin/index/menu/action/Setting | INFO: Tag[ view_template ] --END-- [ RunTime:0.004061s ]
[ 2012-10-17T00:25:16+08:00 ] /myweb/index.php/Admin/index/menu/action/Setting | INFO: Tag[ view_parse ] --START--
[ 2012-10-17T00:25:16+08:00 ] /myweb/index.php/Admin/index/menu/action/Setting | INFO: Run ParseTemplate Behavior [ RunTime:0.038782s ]
[ 2012-10-17T00:25:16+08:00 ] /myweb/index.php/Admin/index/menu/action/Setting | INFO: Tag[ view_parse ] --END-- [ RunTime:0.039108s ]
[ 2012-10-17T00:25:16+08:00 ] /myweb/index.php/Admin/index/menu/action/Setting | INFO: Tag[ view_filter ] --START--
[ 2012-10-17T00:25:16+08:00 ] /myweb/index.php/Admin/index/menu/action/Setting | INFO: Run ContentReplace Behavior [ RunTime:0.002194s ]
[ 2012-10-17T00:25:16+08:00 ] /myweb/index.php/Admin/index/menu/action/Setting | INFO: Run TokenBuild Behavior [ RunTime:0.002443s ]
[ 2012-10-17T00:25:16+08:00 ] /myweb/index.php/Admin/index/menu/action/Setting | INFO: Run WriteHtmlCache Behavior [ RunTime:0.001803s ]
[ 2012-10-17T00:25:16+08:00 ] /myweb/index.php/Admin/index/menu/action/Setting | INFO: Run ShowRuntime Behavior [ RunTime:0.003685s ]
[ 2012-10-17T00:25:16+08:00 ] /myweb/index.php/Admin/index/menu/action/Setting | INFO: Tag[ view_filter ] --END-- [ RunTime:0.012217s ]
[ 2012-10-17T00:25:16+08:00 ] /myweb/index.php/Admin/index/menu/action/Setting | INFO: Tag[ view_end ] --START--
[ 2012-10-17T00:25:16+08:00 ] /myweb/index.php/Admin/index/menu/action/Setting | INFO: Run ShowPageTrace Behavior [ RunTime:0.002322s ]
[ 2012-10-17T00:25:16+08:00 ] /myweb/index.php/Admin/index/menu/action/Setting | INFO: Tag[ view_end ] --END-- [ RunTime:0.002607s ]
[ 2012-10-17T00:25:20+08:00 ] /myweb/index.php/Admin/Setting | INFO: Tag[ route_check ] --START--
[ 2012-10-17T00:25:20+08:00 ] /myweb/index.php/Admin/Setting | INFO: Run CheckRoute Behavior [ RunTime:0.006029s ]
[ 2012-10-17T00:25:20+08:00 ] /myweb/index.php/Admin/Setting | INFO: Tag[ route_check ] --END-- [ RunTime:0.006452s ]
[ 2012-10-17T00:25:20+08:00 ] /myweb/index.php/Admin/Setting | INFO: Tag[ app_begin ] --START--
[ 2012-10-17T00:25:20+08:00 ] /myweb/index.php/Admin/Setting | INFO: Run ReadHtmlCache Behavior [ RunTime:0.004380s ]
[ 2012-10-17T00:25:20+08:00 ] /myweb/index.php/Admin/Setting | INFO: Run CheckLang Behavior [ RunTime:0.005159s ]
[ 2012-10-17T00:25:20+08:00 ] /myweb/index.php/Admin/Setting | INFO: Tag[ app_begin ] --END-- [ RunTime:0.010090s ]
[ 2012-10-17T00:25:20+08:00 ] /myweb/index.php/Admin/Setting | INFO: Tag[ view_template ] --START--
[ 2012-10-17T00:25:20+08:00 ] /myweb/index.php/Admin/Setting | INFO: Run LocationTemplate Behavior [ RunTime:0.002475s ]
[ 2012-10-17T00:25:20+08:00 ] /myweb/index.php/Admin/Setting | INFO: Tag[ view_template ] --END-- [ RunTime:0.002813s ]
[ 2012-10-17T00:25:20+08:00 ] /myweb/index.php/Admin/Setting | INFO: Tag[ view_parse ] --START--
[ 2012-10-17T00:25:20+08:00 ] /myweb/index.php/Admin/Setting | INFO: Run ParseTemplate Behavior [ RunTime:0.039428s ]
[ 2012-10-17T00:25:20+08:00 ] /myweb/index.php/Admin/Setting | INFO: Tag[ view_parse ] --END-- [ RunTime:0.039754s ]
[ 2012-10-17T00:25:20+08:00 ] /myweb/index.php/Admin/Setting | INFO: Tag[ view_filter ] --START--
[ 2012-10-17T00:25:20+08:00 ] /myweb/index.php/Admin/Setting | INFO: Run ContentReplace Behavior [ RunTime:0.002357s ]
[ 2012-10-17T00:25:20+08:00 ] /myweb/index.php/Admin/Setting | INFO: Run TokenBuild Behavior [ RunTime:0.002281s ]
[ 2012-10-17T00:25:20+08:00 ] /myweb/index.php/Admin/Setting | INFO: Run WriteHtmlCache Behavior [ RunTime:0.001792s ]
[ 2012-10-17T00:25:20+08:00 ] /myweb/index.php/Admin/Setting | INFO: Run ShowRuntime Behavior [ RunTime:0.002685s ]
[ 2012-10-17T00:25:20+08:00 ] /myweb/index.php/Admin/Setting | INFO: Tag[ view_filter ] --END-- [ RunTime:0.009988s ]
[ 2012-10-17T00:25:20+08:00 ] /myweb/index.php/Admin/Setting | INFO: Tag[ view_end ] --START--
[ 2012-10-17T00:25:20+08:00 ] /myweb/index.php/Admin/Setting | INFO: Run ShowPageTrace Behavior [ RunTime:0.002349s ]
[ 2012-10-17T00:25:20+08:00 ] /myweb/index.php/Admin/Setting | INFO: Tag[ view_end ] --END-- [ RunTime:0.002633s ]
[ 2012-10-17T00:25:20+08:00 ] /myweb/index.php/Admin/skin/images/tbg.gif | ERR: (ThinkException) 无法加载模块Skin
[ 2012-10-17T00:25:20+08:00 ] /myweb/index.php/Admin/skin/images/newlinebg3.gif | ERR: (ThinkException) 无法加载模块Skin
[ 2012-10-17T00:25:20+08:00 ] /myweb/index.php/Admin/skin/images/allbg.gif | ERR: (ThinkException) 无法加载模块Skin
[ 2012-10-17T00:25:20+08:00 ] /myweb/index.php/Admin/%E7%BD%91%E7%AB%99LOGO | ERR: (ThinkException) 无法加载模块网站logo
