[ 2012-10-15T18:23:34+08:00 ] /index.php/Admin/Setting | INFO: Tag[ route_check ] --START--
[ 2012-10-15T18:23:34+08:00 ] /index.php/Admin/Setting | INFO: Run CheckRoute Behavior [ RunTime:0.001695s ]
[ 2012-10-15T18:23:34+08:00 ] /index.php/Admin/Setting | INFO: Tag[ route_check ] --END-- [ RunTime:0.001849s ]
[ 2012-10-15T18:23:34+08:00 ] /index.php/Admin/Setting | INFO: Tag[ app_begin ] --START--
[ 2012-10-15T18:23:34+08:00 ] /index.php/Admin/Setting | INFO: Run ReadHtmlCache Behavior [ RunTime:0.001225s ]
[ 2012-10-15T18:23:34+08:00 ] /index.php/Admin/Setting | INFO: Tag[ app_begin ] --END-- [ RunTime:0.001303s ]
[ 2012-10-15T18:23:34+08:00 ] /index.php/Admin/Setting | SQL: SHOW COLUMNS FROM `my_setting` [ RunTime:0.003672s ]
[ 2012-10-15T18:23:34+08:00 ] /index.php/Admin/Setting | SQL: SELECT * FROM `my_setting`  [ RunTime:0.000262s ]
[ 2012-10-15T18:23:34+08:00 ] /index.php/Admin/Setting | INFO: Tag[ view_template ] --START--
[ 2012-10-15T18:23:34+08:00 ] /index.php/Admin/Setting | INFO: Run LocationTemplate Behavior [ RunTime:0.001243s ]
[ 2012-10-15T18:23:34+08:00 ] /index.php/Admin/Setting | INFO: Tag[ view_template ] --END-- [ RunTime:0.001330s ]
[ 2012-10-15T18:23:34+08:00 ] /index.php/Admin/Setting | INFO: Tag[ view_parse ] --START--
[ 2012-10-15T18:23:34+08:00 ] /index.php/Admin/Setting | INFO: Run ParseTemplate Behavior [ RunTime:0.015423s ]
[ 2012-10-15T18:23:34+08:00 ] /index.php/Admin/Setting | INFO: Tag[ view_parse ] --END-- [ RunTime:0.015528s ]
[ 2012-10-15T18:23:34+08:00 ] /index.php/Admin/Setting | INFO: Tag[ view_filter ] --START--
[ 2012-10-15T18:23:34+08:00 ] /index.php/Admin/Setting | INFO: Run ContentReplace Behavior [ RunTime:0.001051s ]
[ 2012-10-15T18:23:34+08:00 ] /index.php/Admin/Setting | INFO: Run TokenBuild Behavior [ RunTime:0.001128s ]
[ 2012-10-15T18:23:34+08:00 ] /index.php/Admin/Setting | INFO: Run WriteHtmlCache Behavior [ RunTime:0.000983s ]
[ 2012-10-15T18:23:34+08:00 ] /index.php/Admin/Setting | INFO: Run ShowRuntime Behavior [ RunTime:0.001117s ]
[ 2012-10-15T18:23:34+08:00 ] /index.php/Admin/Setting | INFO: Tag[ view_filter ] --END-- [ RunTime:0.004483s ]
[ 2012-10-15T18:23:34+08:00 ] /index.php/Admin/Setting | INFO: Tag[ view_end ] --START--
[ 2012-10-15T18:23:34+08:00 ] /index.php/Admin/Setting | INFO: Run ShowPageTrace Behavior [ RunTime:0.001095s ]
[ 2012-10-15T18:23:34+08:00 ] /index.php/Admin/Setting | INFO: Tag[ view_end ] --END-- [ RunTime:0.001160s ]
[ 2012-10-15T18:23:34+08:00 ] /index.php/Admin/skin/images/allbg.gif | ERR: (ThinkException) 无法加载模块Skin
[ 2012-10-15T18:23:34+08:00 ] /index.php/Admin/skin/images/newlinebg3.gif | ERR: (ThinkException) 无法加载模块Skin
[ 2012-10-15T18:23:34+08:00 ] /index.php/Admin/skin/images/tbg.gif | ERR: (ThinkException) 无法加载模块Skin
[ 2012-10-15T18:23:35+08:00 ] /index.php/Admin/Setting | INFO: Tag[ route_check ] --START--
[ 2012-10-15T18:23:35+08:00 ] /index.php/Admin/Setting | INFO: Run CheckRoute Behavior [ RunTime:0.000930s ]
[ 2012-10-15T18:23:35+08:00 ] /index.php/Admin/Setting | INFO: Tag[ route_check ] --END-- [ RunTime:0.001051s ]
[ 2012-10-15T18:23:35+08:00 ] /index.php/Admin/Setting | INFO: Tag[ app_begin ] --START--
[ 2012-10-15T18:23:35+08:00 ] /index.php/Admin/Setting | INFO: Run ReadHtmlCache Behavior [ RunTime:0.000658s ]
[ 2012-10-15T18:23:35+08:00 ] /index.php/Admin/Setting | INFO: Tag[ app_begin ] --END-- [ RunTime:0.000745s ]
[ 2012-10-15T18:23:35+08:00 ] /index.php/Admin/Setting | SQL: SHOW COLUMNS FROM `my_setting` [ RunTime:0.003163s ]
[ 2012-10-15T18:23:35+08:00 ] /index.php/Admin/Setting | SQL: SELECT * FROM `my_setting`  [ RunTime:0.000641s ]
[ 2012-10-15T18:23:35+08:00 ] /index.php/Admin/Setting | INFO: Tag[ view_template ] --START--
[ 2012-10-15T18:23:35+08:00 ] /index.php/Admin/Setting | INFO: Run LocationTemplate Behavior [ RunTime:0.000585s ]
[ 2012-10-15T18:23:35+08:00 ] /index.php/Admin/Setting | INFO: Tag[ view_template ] --END-- [ RunTime:0.000662s ]
[ 2012-10-15T18:23:35+08:00 ] /index.php/Admin/Setting | INFO: Tag[ view_parse ] --START--
[ 2012-10-15T18:23:35+08:00 ] /index.php/Admin/Setting | INFO: Run ParseTemplate Behavior [ RunTime:0.011149s ]
[ 2012-10-15T18:23:35+08:00 ] /index.php/Admin/Setting | INFO: Tag[ view_parse ] --END-- [ RunTime:0.011251s ]
[ 2012-10-15T18:23:35+08:00 ] /index.php/Admin/Setting | INFO: Tag[ view_filter ] --START--
[ 2012-10-15T18:23:35+08:00 ] /index.php/Admin/Setting | INFO: Run ContentReplace Behavior [ RunTime:0.000403s ]
[ 2012-10-15T18:23:35+08:00 ] /index.php/Admin/Setting | INFO: Run TokenBuild Behavior [ RunTime:0.000441s ]
[ 2012-10-15T18:23:35+08:00 ] /index.php/Admin/Setting | INFO: Run WriteHtmlCache Behavior [ RunTime:0.000254s ]
[ 2012-10-15T18:23:35+08:00 ] /index.php/Admin/Setting | INFO: Run ShowRuntime Behavior [ RunTime:0.000470s ]
[ 2012-10-15T18:23:35+08:00 ] /index.php/Admin/Setting | INFO: Tag[ view_filter ] --END-- [ RunTime:0.001749s ]
[ 2012-10-15T18:23:35+08:00 ] /index.php/Admin/Setting | INFO: Tag[ view_end ] --START--
[ 2012-10-15T18:23:35+08:00 ] /index.php/Admin/Setting | INFO: Run ShowPageTrace Behavior [ RunTime:0.000520s ]
[ 2012-10-15T18:23:35+08:00 ] /index.php/Admin/Setting | INFO: Tag[ view_end ] --END-- [ RunTime:0.000587s ]
[ 2012-10-15T18:23:35+08:00 ] /index.php/Admin/skin/images/allbg.gif | ERR: (ThinkException) 无法加载模块Skin
[ 2012-10-15T18:23:35+08:00 ] /index.php/Admin/skin/images/tbg.gif | ERR: (ThinkException) 无法加载模块Skin
[ 2012-10-15T18:23:35+08:00 ] /index.php/Admin/skin/images/newlinebg3.gif | ERR: (ThinkException) 无法加载模块Skin
[ 2012-10-15T18:23:36+08:00 ] /index.php/Admin/index/index/menu/action/Member | INFO: Tag[ route_check ] --START--
[ 2012-10-15T18:23:36+08:00 ] /index.php/Admin/index/index/menu/action/Member | INFO: Run CheckRoute Behavior [ RunTime:0.000905s ]
[ 2012-10-15T18:23:36+08:00 ] /index.php/Admin/index/index/menu/action/Member | INFO: Tag[ route_check ] --END-- [ RunTime:0.001022s ]
[ 2012-10-15T18:23:36+08:00 ] /index.php/Admin/index/index/menu/action/Member | INFO: Tag[ app_begin ] --START--
[ 2012-10-15T18:23:36+08:00 ] /index.php/Admin/index/index/menu/action/Member | INFO: Run ReadHtmlCache Behavior [ RunTime:0.000803s ]
[ 2012-10-15T18:23:36+08:00 ] /index.php/Admin/index/index/menu/action/Member | INFO: Tag[ app_begin ] --END-- [ RunTime:0.000920s ]
[ 2012-10-15T18:23:36+08:00 ] /index.php/Admin/index/index/menu/action/Member | INFO: Tag[ view_template ] --START--
[ 2012-10-15T18:23:36+08:00 ] /index.php/Admin/index/index/menu/action/Member | INFO: Run LocationTemplate Behavior [ RunTime:0.001768s ]
[ 2012-10-15T18:23:36+08:00 ] /index.php/Admin/index/index/menu/action/Member | INFO: Tag[ view_template ] --END-- [ RunTime:0.001889s ]
[ 2012-10-15T18:23:36+08:00 ] /index.php/Admin/index/index/menu/action/Member | INFO: Tag[ view_parse ] --START--
[ 2012-10-15T18:23:36+08:00 ] /index.php/Admin/index/index/menu/action/Member | INFO: Run ParseTemplate Behavior [ RunTime:0.014922s ]
[ 2012-10-15T18:23:36+08:00 ] /index.php/Admin/index/index/menu/action/Member | INFO: Tag[ view_parse ] --END-- [ RunTime:0.015025s ]
[ 2012-10-15T18:23:36+08:00 ] /index.php/Admin/index/index/menu/action/Member | INFO: Tag[ view_filter ] --START--
[ 2012-10-15T18:23:36+08:00 ] /index.php/Admin/index/index/menu/action/Member | INFO: Run ContentReplace Behavior [ RunTime:0.001051s ]
[ 2012-10-15T18:23:36+08:00 ] /index.php/Admin/index/index/menu/action/Member | INFO: Run TokenBuild Behavior [ RunTime:0.001247s ]
[ 2012-10-15T18:23:36+08:00 ] /index.php/Admin/index/index/menu/action/Member | INFO: Run WriteHtmlCache Behavior [ RunTime:0.000888s ]
[ 2012-10-15T18:23:36+08:00 ] /index.php/Admin/index/index/menu/action/Member | INFO: Run ShowRuntime Behavior [ RunTime:0.001097s ]
[ 2012-10-15T18:23:36+08:00 ] /index.php/Admin/index/index/menu/action/Member | INFO: Tag[ view_filter ] --END-- [ RunTime:0.004486s ]
[ 2012-10-15T18:23:36+08:00 ] /index.php/Admin/index/index/menu/action/Member | INFO: Tag[ view_end ] --START--
[ 2012-10-15T18:23:36+08:00 ] /index.php/Admin/index/index/menu/action/Member | INFO: Run ShowPageTrace Behavior [ RunTime:0.001097s ]
[ 2012-10-15T18:23:36+08:00 ] /index.php/Admin/index/index/menu/action/Member | INFO: Tag[ view_end ] --END-- [ RunTime:0.001165s ]
[ 2012-10-15T18:23:36+08:00 ] /index.php/Admin/index/top | INFO: Tag[ route_check ] --START--
[ 2012-10-15T18:23:36+08:00 ] /index.php/Admin/index/top | INFO: Run CheckRoute Behavior [ RunTime:0.000905s ]
[ 2012-10-15T18:23:36+08:00 ] /index.php/Admin/index/top | INFO: Tag[ route_check ] --END-- [ RunTime:0.001031s ]
[ 2012-10-15T18:23:36+08:00 ] /index.php/Admin/index/top | INFO: Tag[ app_begin ] --START--
[ 2012-10-15T18:23:36+08:00 ] /index.php/Admin/index/top | INFO: Run ReadHtmlCache Behavior [ RunTime:0.000589s ]
[ 2012-10-15T18:23:36+08:00 ] /index.php/Admin/index/top | INFO: Tag[ app_begin ] --END-- [ RunTime:0.000668s ]
[ 2012-10-15T18:23:36+08:00 ] /index.php/Admin/index/top | SQL: SHOW COLUMNS FROM `my_module` [ RunTime:0.004037s ]
[ 2012-10-15T18:23:36+08:00 ] /index.php/Admin/index/top | SQL: SELECT * FROM `my_module` WHERE pid=0  [ RunTime:0.001607s ]
[ 2012-10-15T18:23:36+08:00 ] /index.php/Admin/index/top | INFO: Tag[ view_template ] --START--
[ 2012-10-15T18:23:36+08:00 ] /index.php/Admin/index/top | INFO: Run LocationTemplate Behavior [ RunTime:0.001768s ]
[ 2012-10-15T18:23:36+08:00 ] /index.php/Admin/index/top | INFO: Tag[ view_template ] --END-- [ RunTime:0.001876s ]
[ 2012-10-15T18:23:36+08:00 ] /index.php/Admin/index/top | INFO: Tag[ view_parse ] --START--
[ 2012-10-15T18:23:36+08:00 ] /index.php/Admin/index/top | INFO: Run ParseTemplate Behavior [ RunTime:0.013825s ]
[ 2012-10-15T18:23:36+08:00 ] /index.php/Admin/index/top | INFO: Tag[ view_parse ] --END-- [ RunTime:0.013946s ]
[ 2012-10-15T18:23:36+08:00 ] /index.php/Admin/index/top | INFO: Tag[ view_filter ] --START--
[ 2012-10-15T18:23:36+08:00 ] /index.php/Admin/index/top | INFO: Run ContentReplace Behavior [ RunTime:0.000527s ]
[ 2012-10-15T18:23:36+08:00 ] /index.php/Admin/index/top | INFO: Run TokenBuild Behavior [ RunTime:0.000478s ]
[ 2012-10-15T18:23:36+08:00 ] /index.php/Admin/index/top | INFO: Run WriteHtmlCache Behavior [ RunTime:0.000377s ]
[ 2012-10-15T18:23:36+08:00 ] /index.php/Admin/index/top | INFO: Run ShowRuntime Behavior [ RunTime:0.000560s ]
[ 2012-10-15T18:23:36+08:00 ] /index.php/Admin/index/top | INFO: Tag[ view_filter ] --END-- [ RunTime:0.002916s ]
[ 2012-10-15T18:23:36+08:00 ] /index.php/Admin/index/top | INFO: Tag[ view_end ] --START--
[ 2012-10-15T18:23:36+08:00 ] /index.php/Admin/index/top | INFO: Run ShowPageTrace Behavior [ RunTime:0.000605s ]
[ 2012-10-15T18:23:36+08:00 ] /index.php/Admin/index/top | INFO: Tag[ view_end ] --END-- [ RunTime:0.000693s ]
[ 2012-10-15T18:23:36+08:00 ] /index.php/Admin/index/main | INFO: Tag[ route_check ] --START--
[ 2012-10-15T18:23:36+08:00 ] /index.php/Admin/index/main | INFO: Run CheckRoute Behavior [ RunTime:0.000977s ]
[ 2012-10-15T18:23:36+08:00 ] /index.php/Admin/index/main | INFO: Tag[ route_check ] --END-- [ RunTime:0.001117s ]
[ 2012-10-15T18:23:36+08:00 ] /index.php/Admin/index/main | INFO: Tag[ app_begin ] --START--
[ 2012-10-15T18:23:36+08:00 ] /index.php/Admin/index/main | INFO: Run ReadHtmlCache Behavior [ RunTime:0.000616s ]
[ 2012-10-15T18:23:36+08:00 ] /index.php/Admin/index/main | INFO: Tag[ app_begin ] --END-- [ RunTime:0.000690s ]
[ 2012-10-15T18:23:36+08:00 ] /index.php/Admin/index/main | INFO: Tag[ view_template ] --START--
[ 2012-10-15T18:23:36+08:00 ] /index.php/Admin/index/main | INFO: Run LocationTemplate Behavior [ RunTime:0.003243s ]
[ 2012-10-15T18:23:36+08:00 ] /index.php/Admin/index/main | INFO: Tag[ view_template ] --END-- [ RunTime:0.003378s ]
[ 2012-10-15T18:23:36+08:00 ] /index.php/Admin/index/main | INFO: Tag[ view_parse ] --START--
[ 2012-10-15T18:23:36+08:00 ] /index.php/Admin/index/main | INFO: Run ParseTemplate Behavior [ RunTime:0.019054s ]
[ 2012-10-15T18:23:36+08:00 ] /index.php/Admin/index/main | INFO: Tag[ view_parse ] --END-- [ RunTime:0.019226s ]
[ 2012-10-15T18:23:36+08:00 ] /index.php/Admin/index/main | INFO: Tag[ view_filter ] --START--
[ 2012-10-15T18:23:36+08:00 ] /index.php/Admin/index/main | INFO: Run ContentReplace Behavior [ RunTime:0.001389s ]
[ 2012-10-15T18:23:36+08:00 ] /index.php/Admin/index/main | INFO: Run TokenBuild Behavior [ RunTime:0.001202s ]
[ 2012-10-15T18:23:36+08:00 ] /index.php/Admin/index/main | INFO: Run WriteHtmlCache Behavior [ RunTime:0.001399s ]
[ 2012-10-15T18:23:36+08:00 ] /index.php/Admin/index/main | INFO: Run ShowRuntime Behavior [ RunTime:0.001278s ]
[ 2012-10-15T18:23:36+08:00 ] /index.php/Admin/index/main | INFO: Tag[ view_filter ] --END-- [ RunTime:0.005567s ]
[ 2012-10-15T18:23:36+08:00 ] /index.php/Admin/index/main | INFO: Tag[ view_end ] --START--
[ 2012-10-15T18:23:36+08:00 ] /index.php/Admin/index/main | INFO: Run ShowPageTrace Behavior [ RunTime:0.001892s ]
[ 2012-10-15T18:23:36+08:00 ] /index.php/Admin/index/main | INFO: Tag[ view_end ] --END-- [ RunTime:0.002026s ]
[ 2012-10-15T18:23:36+08:00 ] /index.php/Admin/index/menu | INFO: Tag[ route_check ] --START--
[ 2012-10-15T18:23:36+08:00 ] /index.php/Admin/index/menu | INFO: Run CheckRoute Behavior [ RunTime:0.000901s ]
[ 2012-10-15T18:23:36+08:00 ] /index.php/Admin/index/menu | INFO: Tag[ route_check ] --END-- [ RunTime:0.001014s ]
[ 2012-10-15T18:23:36+08:00 ] /index.php/Admin/index/menu | INFO: Tag[ app_begin ] --START--
[ 2012-10-15T18:23:36+08:00 ] /index.php/Admin/index/menu | INFO: Run ReadHtmlCache Behavior [ RunTime:0.001076s ]
[ 2012-10-15T18:23:36+08:00 ] /index.php/Admin/index/menu | INFO: Tag[ app_begin ] --END-- [ RunTime:0.001244s ]
[ 2012-10-15T18:23:36+08:00 ] /index.php/Admin/index/menu | NOTIC: [8] Undefined index:  action IndexAction.class.php 第 19 行.
[ 2012-10-15T18:23:36+08:00 ] /index.php/Admin/index/menu | SQL: SHOW COLUMNS FROM `my_module` [ RunTime:0.002614s ]
[ 2012-10-15T18:23:36+08:00 ] /index.php/Admin/index/menu | SQL: SELECT * FROM `my_module` WHERE pid=0  [ RunTime:0.000796s ]
[ 2012-10-15T18:23:36+08:00 ] /index.php/Admin/index/menu | INFO: Tag[ view_template ] --START--
[ 2012-10-15T18:23:36+08:00 ] /index.php/Admin/index/menu | INFO: Run LocationTemplate Behavior [ RunTime:0.002858s ]
[ 2012-10-15T18:23:36+08:00 ] /index.php/Admin/index/menu | INFO: Tag[ view_template ] --END-- [ RunTime:0.002962s ]
[ 2012-10-15T18:23:36+08:00 ] /index.php/Admin/index/menu | INFO: Tag[ view_parse ] --START--
[ 2012-10-15T18:23:36+08:00 ] /index.php/Admin/index/menu | NOTIC: [8] Undefined index:  action 8d630bfcc3f8428cb093c5301748865f.php 第 32 行.
[ 2012-10-15T18:23:36+08:00 ] /index.php/Admin/index/menu | INFO: Run ParseTemplate Behavior [ RunTime:0.019858s ]
[ 2012-10-15T18:23:36+08:00 ] /index.php/Admin/index/menu | INFO: Tag[ view_parse ] --END-- [ RunTime:0.019952s ]
[ 2012-10-15T18:23:36+08:00 ] /index.php/Admin/index/menu | INFO: Tag[ view_filter ] --START--
[ 2012-10-15T18:23:36+08:00 ] /index.php/Admin/index/menu | INFO: Run ContentReplace Behavior [ RunTime:0.001257s ]
[ 2012-10-15T18:23:36+08:00 ] /index.php/Admin/index/menu | INFO: Run TokenBuild Behavior [ RunTime:0.001269s ]
[ 2012-10-15T18:23:36+08:00 ] /index.php/Admin/index/menu | INFO: Run WriteHtmlCache Behavior [ RunTime:0.000892s ]
[ 2012-10-15T18:23:36+08:00 ] /index.php/Admin/index/menu | INFO: Run ShowRuntime Behavior [ RunTime:0.001140s ]
[ 2012-10-15T18:23:36+08:00 ] /index.php/Admin/index/menu | INFO: Tag[ view_filter ] --END-- [ RunTime:0.004795s ]
[ 2012-10-15T18:23:36+08:00 ] /index.php/Admin/index/menu | INFO: Tag[ view_end ] --START--
[ 2012-10-15T18:23:36+08:00 ] /index.php/Admin/index/menu | INFO: Run ShowPageTrace Behavior [ RunTime:0.001147s ]
[ 2012-10-15T18:23:36+08:00 ] /index.php/Admin/index/menu | INFO: Tag[ view_end ] --END-- [ RunTime:0.001220s ]
[ 2012-10-15T18:23:36+08:00 ] /index.php/Admin/index/skin/images/frame/wbg.gif | ERR: (ThinkException) 非法操作skin
[ 2012-10-15T18:23:38+08:00 ] /index.php/Admin/index/menu/action/Setting | INFO: Tag[ route_check ] --START--
[ 2012-10-15T18:23:38+08:00 ] /index.php/Admin/index/menu/action/Setting | INFO: Run CheckRoute Behavior [ RunTime:0.001092s ]
[ 2012-10-15T18:23:38+08:00 ] /index.php/Admin/index/menu/action/Setting | INFO: Tag[ route_check ] --END-- [ RunTime:0.001239s ]
[ 2012-10-15T18:23:38+08:00 ] /index.php/Admin/index/menu/action/Setting | INFO: Tag[ app_begin ] --START--
[ 2012-10-15T18:23:38+08:00 ] /index.php/Admin/index/menu/action/Setting | INFO: Run ReadHtmlCache Behavior [ RunTime:0.000664s ]
[ 2012-10-15T18:23:38+08:00 ] /index.php/Admin/index/menu/action/Setting | INFO: Tag[ app_begin ] --END-- [ RunTime:0.000775s ]
[ 2012-10-15T18:23:38+08:00 ] /index.php/Admin/index/menu/action/Setting | SQL: SHOW COLUMNS FROM `my_module` [ RunTime:0.002948s ]
[ 2012-10-15T18:23:38+08:00 ] /index.php/Admin/index/menu/action/Setting | SQL: SELECT * FROM `my_module` WHERE pid=0  [ RunTime:0.002074s ]
[ 2012-10-15T18:23:38+08:00 ] /index.php/Admin/index/menu/action/Setting | INFO: Tag[ view_template ] --START--
[ 2012-10-15T18:23:38+08:00 ] /index.php/Admin/index/menu/action/Setting | INFO: Run LocationTemplate Behavior [ RunTime:0.002873s ]
[ 2012-10-15T18:23:38+08:00 ] /index.php/Admin/index/menu/action/Setting | INFO: Tag[ view_template ] --END-- [ RunTime:0.003192s ]
[ 2012-10-15T18:23:38+08:00 ] /index.php/Admin/index/menu/action/Setting | INFO: Tag[ view_parse ] --START--
[ 2012-10-15T18:23:38+08:00 ] /index.php/Admin/index/menu/action/Setting | INFO: Run ParseTemplate Behavior [ RunTime:0.015325s ]
[ 2012-10-15T18:23:38+08:00 ] /index.php/Admin/index/menu/action/Setting | INFO: Tag[ view_parse ] --END-- [ RunTime:0.015444s ]
[ 2012-10-15T18:23:38+08:00 ] /index.php/Admin/index/menu/action/Setting | INFO: Tag[ view_filter ] --START--
[ 2012-10-15T18:23:38+08:00 ] /index.php/Admin/index/menu/action/Setting | INFO: Run ContentReplace Behavior [ RunTime:0.000484s ]
[ 2012-10-15T18:23:38+08:00 ] /index.php/Admin/index/menu/action/Setting | INFO: Run TokenBuild Behavior [ RunTime:0.000499s ]
[ 2012-10-15T18:23:38+08:00 ] /index.php/Admin/index/menu/action/Setting | INFO: Run WriteHtmlCache Behavior [ RunTime:0.000315s ]
[ 2012-10-15T18:23:38+08:00 ] /index.php/Admin/index/menu/action/Setting | INFO: Run ShowRuntime Behavior [ RunTime:0.000996s ]
[ 2012-10-15T18:23:38+08:00 ] /index.php/Admin/index/menu/action/Setting | INFO: Tag[ view_filter ] --END-- [ RunTime:0.002550s ]
[ 2012-10-15T18:23:38+08:00 ] /index.php/Admin/index/menu/action/Setting | INFO: Tag[ view_end ] --START--
[ 2012-10-15T18:23:38+08:00 ] /index.php/Admin/index/menu/action/Setting | INFO: Run ShowPageTrace Behavior [ RunTime:0.000600s ]
[ 2012-10-15T18:23:38+08:00 ] /index.php/Admin/index/menu/action/Setting | INFO: Tag[ view_end ] --END-- [ RunTime:0.000686s ]
[ 2012-10-15T18:23:39+08:00 ] /index.php/Admin/Setting | INFO: Tag[ route_check ] --START--
[ 2012-10-15T18:23:39+08:00 ] /index.php/Admin/Setting | INFO: Run CheckRoute Behavior [ RunTime:0.000993s ]
[ 2012-10-15T18:23:39+08:00 ] /index.php/Admin/Setting | INFO: Tag[ route_check ] --END-- [ RunTime:0.001132s ]
[ 2012-10-15T18:23:39+08:00 ] /index.php/Admin/Setting | INFO: Tag[ app_begin ] --START--
[ 2012-10-15T18:23:39+08:00 ] /index.php/Admin/Setting | INFO: Run ReadHtmlCache Behavior [ RunTime:0.000681s ]
[ 2012-10-15T18:23:39+08:00 ] /index.php/Admin/Setting | INFO: Tag[ app_begin ] --END-- [ RunTime:0.000787s ]
[ 2012-10-15T18:23:39+08:00 ] /index.php/Admin/Setting | SQL: SHOW COLUMNS FROM `my_setting` [ RunTime:0.002664s ]
[ 2012-10-15T18:23:39+08:00 ] /index.php/Admin/Setting | SQL: SELECT * FROM `my_setting`  [ RunTime:0.000888s ]
[ 2012-10-15T18:23:39+08:00 ] /index.php/Admin/Setting | INFO: Tag[ view_template ] --START--
[ 2012-10-15T18:23:39+08:00 ] /index.php/Admin/Setting | INFO: Run LocationTemplate Behavior [ RunTime:0.002620s ]
[ 2012-10-15T18:23:39+08:00 ] /index.php/Admin/Setting | INFO: Tag[ view_template ] --END-- [ RunTime:0.002696s ]
[ 2012-10-15T18:23:39+08:00 ] /index.php/Admin/Setting | INFO: Tag[ view_parse ] --START--
[ 2012-10-15T18:23:39+08:00 ] /index.php/Admin/Setting | INFO: Run ParseTemplate Behavior [ RunTime:0.014782s ]
[ 2012-10-15T18:23:39+08:00 ] /index.php/Admin/Setting | INFO: Tag[ view_parse ] --END-- [ RunTime:0.014894s ]
[ 2012-10-15T18:23:39+08:00 ] /index.php/Admin/Setting | INFO: Tag[ view_filter ] --START--
[ 2012-10-15T18:23:39+08:00 ] /index.php/Admin/Setting | INFO: Run ContentReplace Behavior [ RunTime:0.000510s ]
[ 2012-10-15T18:23:39+08:00 ] /index.php/Admin/Setting | INFO: Run TokenBuild Behavior [ RunTime:0.000500s ]
[ 2012-10-15T18:23:39+08:00 ] /index.php/Admin/Setting | INFO: Run WriteHtmlCache Behavior [ RunTime:0.000301s ]
[ 2012-10-15T18:23:39+08:00 ] /index.php/Admin/Setting | INFO: Run ShowRuntime Behavior [ RunTime:0.000928s ]
[ 2012-10-15T18:23:39+08:00 ] /index.php/Admin/Setting | INFO: Tag[ view_filter ] --END-- [ RunTime:0.002481s ]
[ 2012-10-15T18:23:39+08:00 ] /index.php/Admin/Setting | INFO: Tag[ view_end ] --START--
[ 2012-10-15T18:23:39+08:00 ] /index.php/Admin/Setting | INFO: Run ShowPageTrace Behavior [ RunTime:0.000635s ]
[ 2012-10-15T18:23:39+08:00 ] /index.php/Admin/Setting | INFO: Tag[ view_end ] --END-- [ RunTime:0.000715s ]
[ 2012-10-15T18:23:39+08:00 ] /index.php/Admin/skin/images/allbg.gif | ERR: (ThinkException) 无法加载模块Skin
[ 2012-10-15T18:23:39+08:00 ] /index.php/Admin/skin/images/tbg.gif | ERR: (ThinkException) 无法加载模块Skin
[ 2012-10-15T18:23:39+08:00 ] /index.php/Admin/skin/images/newlinebg3.gif | ERR: (ThinkException) 无法加载模块Skin
[ 2012-10-15T18:23:41+08:00 ] /index.php/Admin/skin/images/newlinebg3.gif | ERR: (ThinkException) 无法加载模块Skin
[ 2012-10-15T18:23:41+08:00 ] /index.php/Admin/skin/images/allbg.gif | ERR: (ThinkException) 无法加载模块Skin
[ 2012-10-15T18:23:41+08:00 ] /index.php/Admin/skin/images/tbg.gif | ERR: (ThinkException) 无法加载模块Skin
