[ 2012-10-19T17:45:05+08:00 ] /index.php/Admin/Channel | INFO: Tag[ route_check ] --START--
[ 2012-10-19T17:45:05+08:00 ] /index.php/Admin/Channel | INFO: Run CheckRoute Behavior [ RunTime:0.001664s ]
[ 2012-10-19T17:45:05+08:00 ] /index.php/Admin/Channel | INFO: Tag[ route_check ] --END-- [ RunTime:0.001803s ]
[ 2012-10-19T17:45:05+08:00 ] /index.php/Admin/Channel | INFO: Tag[ app_begin ] --START--
[ 2012-10-19T17:45:05+08:00 ] /index.php/Admin/Channel | INFO: Run ReadHtmlCache Behavior [ RunTime:0.001054s ]
[ 2012-10-19T17:45:05+08:00 ] /index.php/Admin/Channel | INFO: Run CheckLang Behavior [ RunTime:0.002697s ]
[ 2012-10-19T17:45:05+08:00 ] /index.php/Admin/Channel | INFO: Tag[ app_begin ] --END-- [ RunTime:0.003966s ]
[ 2012-10-19T17:45:05+08:00 ] /index.php/Admin/Channel | SQL: SHOW COLUMNS FROM `my_category` [ RunTime:0.003484s ]
[ 2012-10-19T17:45:05+08:00 ] /index.php/Admin/Channel | SQL: SELECT * FROM `my_category`  [ RunTime:0.001217s ]
[ 2012-10-19T17:45:05+08:00 ] /index.php/Admin/Channel | INFO: Tag[ view_template ] --START--
[ 2012-10-19T17:45:05+08:00 ] /index.php/Admin/Channel | INFO: Run LocationTemplate Behavior [ RunTime:0.001147s ]
[ 2012-10-19T17:45:05+08:00 ] /index.php/Admin/Channel | INFO: Tag[ view_template ] --END-- [ RunTime:0.001218s ]
[ 2012-10-19T17:45:05+08:00 ] /index.php/Admin/Channel | INFO: Tag[ view_parse ] --START--
[ 2012-10-19T17:45:05+08:00 ] /index.php/Admin/Channel | INFO: Run ParseTemplate Behavior [ RunTime:0.001853s ]
[ 2012-10-19T17:45:05+08:00 ] /index.php/Admin/Channel | INFO: Tag[ view_parse ] --END-- [ RunTime:0.001942s ]
[ 2012-10-19T17:45:05+08:00 ] /index.php/Admin/Channel | INFO: Tag[ view_filter ] --START--
[ 2012-10-19T17:45:05+08:00 ] /index.php/Admin/Channel | INFO: Run ContentReplace Behavior [ RunTime:0.000710s ]
[ 2012-10-19T17:45:05+08:00 ] /index.php/Admin/Channel | INFO: Run TokenBuild Behavior [ RunTime:0.000774s ]
[ 2012-10-19T17:45:05+08:00 ] /index.php/Admin/Channel | INFO: Run WriteHtmlCache Behavior [ RunTime:0.000537s ]
[ 2012-10-19T17:45:05+08:00 ] /index.php/Admin/Channel | INFO: Run ShowRuntime Behavior [ RunTime:0.000755s ]
[ 2012-10-19T17:45:05+08:00 ] /index.php/Admin/Channel | INFO: Tag[ view_filter ] --END-- [ RunTime:0.002957s ]
[ 2012-10-19T17:45:05+08:00 ] /index.php/Admin/Channel | INFO: Tag[ view_end ] --START--
[ 2012-10-19T17:45:05+08:00 ] /index.php/Admin/Channel | INFO: Run ShowPageTrace Behavior [ RunTime:0.000749s ]
[ 2012-10-19T17:45:05+08:00 ] /index.php/Admin/Channel | INFO: Tag[ view_end ] --END-- [ RunTime:0.000813s ]
[ 2012-10-19T17:45:05+08:00 ] /index.php/Admin/skin/images/allbg.gif | ERR: (ThinkException) 无法加载模块Skin
[ 2012-10-19T17:45:05+08:00 ] /index.php/Admin/skin/images/tbg.gif | ERR: (ThinkException) 无法加载模块Skin
[ 2012-10-19T17:45:05+08:00 ] /index.php/Admin/skin/images/wbg.gif | ERR: (ThinkException) 无法加载模块Skin
[ 2012-10-19T17:45:05+08:00 ] /index.php/Admin/skin/images/frame/search.gif | ERR: (ThinkException) 无法加载模块Skin
[ 2012-10-19T17:45:17+08:00 ] /index.php/Admin/index/index | INFO: Tag[ route_check ] --START--
[ 2012-10-19T17:45:17+08:00 ] /index.php/Admin/index/index | INFO: Run CheckRoute Behavior [ RunTime:0.000928s ]
[ 2012-10-19T17:45:17+08:00 ] /index.php/Admin/index/index | INFO: Tag[ route_check ] --END-- [ RunTime:0.001033s ]
[ 2012-10-19T17:45:17+08:00 ] /index.php/Admin/index/index | INFO: Tag[ app_begin ] --START--
[ 2012-10-19T17:45:17+08:00 ] /index.php/Admin/index/index | INFO: Run ReadHtmlCache Behavior [ RunTime:0.000575s ]
[ 2012-10-19T17:45:17+08:00 ] /index.php/Admin/index/index | INFO: Run CheckLang Behavior [ RunTime:0.001658s ]
[ 2012-10-19T17:45:17+08:00 ] /index.php/Admin/index/index | INFO: Tag[ app_begin ] --END-- [ RunTime:0.002364s ]
[ 2012-10-19T17:45:17+08:00 ] /index.php/Admin/index/index | INFO: Tag[ view_template ] --START--
[ 2012-10-19T17:45:17+08:00 ] /index.php/Admin/index/index | INFO: Run LocationTemplate Behavior [ RunTime:0.001473s ]
[ 2012-10-19T17:45:17+08:00 ] /index.php/Admin/index/index | INFO: Tag[ view_template ] --END-- [ RunTime:0.001578s ]
[ 2012-10-19T17:45:17+08:00 ] /index.php/Admin/index/index | INFO: Tag[ view_parse ] --START--
[ 2012-10-19T17:45:17+08:00 ] /index.php/Admin/index/index | INFO: Run ParseTemplate Behavior [ RunTime:0.012202s ]
[ 2012-10-19T17:45:17+08:00 ] /index.php/Admin/index/index | INFO: Tag[ view_parse ] --END-- [ RunTime:0.012307s ]
[ 2012-10-19T17:45:17+08:00 ] /index.php/Admin/index/index | INFO: Tag[ view_filter ] --START--
[ 2012-10-19T17:45:17+08:00 ] /index.php/Admin/index/index | INFO: Run ContentReplace Behavior [ RunTime:0.000674s ]
[ 2012-10-19T17:45:17+08:00 ] /index.php/Admin/index/index | INFO: Run TokenBuild Behavior [ RunTime:0.000691s ]
[ 2012-10-19T17:45:17+08:00 ] /index.php/Admin/index/index | INFO: Run WriteHtmlCache Behavior [ RunTime:0.000565s ]
[ 2012-10-19T17:45:17+08:00 ] /index.php/Admin/index/index | INFO: Run ShowRuntime Behavior [ RunTime:0.000757s ]
[ 2012-10-19T17:45:17+08:00 ] /index.php/Admin/index/index | INFO: Tag[ view_filter ] --END-- [ RunTime:0.002880s ]
[ 2012-10-19T17:45:17+08:00 ] /index.php/Admin/index/index | INFO: Tag[ view_end ] --START--
[ 2012-10-19T17:45:17+08:00 ] /index.php/Admin/index/index | INFO: Run ShowPageTrace Behavior [ RunTime:0.002959s ]
[ 2012-10-19T17:45:17+08:00 ] /index.php/Admin/index/index | INFO: Tag[ view_end ] --END-- [ RunTime:0.003071s ]
[ 2012-10-19T17:45:17+08:00 ] /index.php/Admin/index/top | INFO: Tag[ route_check ] --START--
[ 2012-10-19T17:45:17+08:00 ] /index.php/Admin/index/top | INFO: Run CheckRoute Behavior [ RunTime:0.000921s ]
[ 2012-10-19T17:45:17+08:00 ] /index.php/Admin/index/top | INFO: Tag[ route_check ] --END-- [ RunTime:0.001039s ]
[ 2012-10-19T17:45:17+08:00 ] /index.php/Admin/index/top | INFO: Tag[ app_begin ] --START--
[ 2012-10-19T17:45:17+08:00 ] /index.php/Admin/index/top | INFO: Run ReadHtmlCache Behavior [ RunTime:0.000655s ]
[ 2012-10-19T17:45:17+08:00 ] /index.php/Admin/index/top | INFO: Run CheckLang Behavior [ RunTime:0.001676s ]
[ 2012-10-19T17:45:17+08:00 ] /index.php/Admin/index/top | INFO: Tag[ app_begin ] --END-- [ RunTime:0.002513s ]
[ 2012-10-19T17:45:17+08:00 ] /index.php/Admin/index/top | SQL: SHOW COLUMNS FROM `my_category` [ RunTime:0.003363s ]
[ 2012-10-19T17:45:17+08:00 ] /index.php/Admin/index/top | SQL: SELECT * FROM `my_category` WHERE pid=0  [ RunTime:0.000246s ]
[ 2012-10-19T17:45:17+08:00 ] /index.php/Admin/index/top | INFO: Tag[ view_template ] --START--
[ 2012-10-19T17:45:17+08:00 ] /index.php/Admin/index/top | INFO: Run LocationTemplate Behavior [ RunTime:0.001784s ]
[ 2012-10-19T17:45:17+08:00 ] /index.php/Admin/index/top | INFO: Tag[ view_template ] --END-- [ RunTime:0.001878s ]
[ 2012-10-19T17:45:17+08:00 ] /index.php/Admin/index/top | INFO: Tag[ view_parse ] --START--
[ 2012-10-19T17:45:17+08:00 ] /index.php/Admin/index/top | INFO: Run ParseTemplate Behavior [ RunTime:0.014492s ]
[ 2012-10-19T17:45:17+08:00 ] /index.php/Admin/index/top | INFO: Tag[ view_parse ] --END-- [ RunTime:0.014599s ]
[ 2012-10-19T17:45:17+08:00 ] /index.php/Admin/index/top | INFO: Tag[ view_filter ] --START--
[ 2012-10-19T17:45:17+08:00 ] /index.php/Admin/index/top | INFO: Run ContentReplace Behavior [ RunTime:0.000412s ]
[ 2012-10-19T17:45:17+08:00 ] /index.php/Admin/index/top | INFO: Run TokenBuild Behavior [ RunTime:0.000400s ]
[ 2012-10-19T17:45:17+08:00 ] /index.php/Admin/index/top | INFO: Run WriteHtmlCache Behavior [ RunTime:0.000227s ]
[ 2012-10-19T17:45:17+08:00 ] /index.php/Admin/index/top | INFO: Run ShowRuntime Behavior [ RunTime:0.000471s ]
[ 2012-10-19T17:45:17+08:00 ] /index.php/Admin/index/top | INFO: Tag[ view_filter ] --END-- [ RunTime:0.001699s ]
[ 2012-10-19T17:45:17+08:00 ] /index.php/Admin/index/top | INFO: Tag[ view_end ] --START--
[ 2012-10-19T17:45:17+08:00 ] /index.php/Admin/index/top | INFO: Run ShowPageTrace Behavior [ RunTime:0.000451s ]
[ 2012-10-19T17:45:17+08:00 ] /index.php/Admin/index/top | INFO: Tag[ view_end ] --END-- [ RunTime:0.000515s ]
[ 2012-10-19T17:45:17+08:00 ] /index.php/Admin/index/main | INFO: Tag[ route_check ] --START--
[ 2012-10-19T17:45:17+08:00 ] /index.php/Admin/index/main | INFO: Run CheckRoute Behavior [ RunTime:0.000901s ]
[ 2012-10-19T17:45:17+08:00 ] /index.php/Admin/index/main | INFO: Tag[ route_check ] --END-- [ RunTime:0.001003s ]
[ 2012-10-19T17:45:17+08:00 ] /index.php/Admin/index/main | INFO: Tag[ app_begin ] --START--
[ 2012-10-19T17:45:17+08:00 ] /index.php/Admin/index/main | INFO: Run ReadHtmlCache Behavior [ RunTime:0.000546s ]
[ 2012-10-19T17:45:17+08:00 ] /index.php/Admin/index/main | INFO: Run CheckLang Behavior [ RunTime:0.001797s ]
[ 2012-10-19T17:45:17+08:00 ] /index.php/Admin/index/main | INFO: Tag[ app_begin ] --END-- [ RunTime:0.002465s ]
[ 2012-10-19T17:45:17+08:00 ] /index.php/Admin/index/main | INFO: Tag[ view_template ] --START--
[ 2012-10-19T17:45:17+08:00 ] /index.php/Admin/index/main | INFO: Run LocationTemplate Behavior [ RunTime:0.001114s ]
[ 2012-10-19T17:45:17+08:00 ] /index.php/Admin/index/main | INFO: Tag[ view_template ] --END-- [ RunTime:0.001235s ]
[ 2012-10-19T17:45:17+08:00 ] /index.php/Admin/index/main | INFO: Tag[ view_parse ] --START--
[ 2012-10-19T17:45:17+08:00 ] /index.php/Admin/index/main | INFO: Run ParseTemplate Behavior [ RunTime:0.018438s ]
[ 2012-10-19T17:45:17+08:00 ] /index.php/Admin/index/main | INFO: Tag[ view_parse ] --END-- [ RunTime:0.018559s ]
[ 2012-10-19T17:45:17+08:00 ] /index.php/Admin/index/main | INFO: Tag[ view_filter ] --START--
[ 2012-10-19T17:45:17+08:00 ] /index.php/Admin/index/main | INFO: Run ContentReplace Behavior [ RunTime:0.000461s ]
[ 2012-10-19T17:45:17+08:00 ] /index.php/Admin/index/main | INFO: Run TokenBuild Behavior [ RunTime:0.000475s ]
[ 2012-10-19T17:45:17+08:00 ] /index.php/Admin/index/main | INFO: Run WriteHtmlCache Behavior [ RunTime:0.000249s ]
[ 2012-10-19T17:45:17+08:00 ] /index.php/Admin/index/main | INFO: Run ShowRuntime Behavior [ RunTime:0.000504s ]
[ 2012-10-19T17:45:17+08:00 ] /index.php/Admin/index/main | INFO: Tag[ view_filter ] --END-- [ RunTime:0.001952s ]
[ 2012-10-19T17:45:17+08:00 ] /index.php/Admin/index/main | INFO: Tag[ view_end ] --START--
[ 2012-10-19T17:45:17+08:00 ] /index.php/Admin/index/main | INFO: Run ShowPageTrace Behavior [ RunTime:0.000518s ]
[ 2012-10-19T17:45:17+08:00 ] /index.php/Admin/index/main | INFO: Tag[ view_end ] --END-- [ RunTime:0.000592s ]
[ 2012-10-19T17:45:17+08:00 ] /index.php/Admin/index/menu | INFO: Tag[ route_check ] --START--
[ 2012-10-19T17:45:17+08:00 ] /index.php/Admin/index/menu | INFO: Run CheckRoute Behavior [ RunTime:0.000914s ]
[ 2012-10-19T17:45:17+08:00 ] /index.php/Admin/index/menu | INFO: Tag[ route_check ] --END-- [ RunTime:0.001001s ]
[ 2012-10-19T17:45:17+08:00 ] /index.php/Admin/index/menu | INFO: Tag[ app_begin ] --START--
[ 2012-10-19T17:45:17+08:00 ] /index.php/Admin/index/menu | INFO: Run ReadHtmlCache Behavior [ RunTime:0.001204s ]
[ 2012-10-19T17:45:17+08:00 ] /index.php/Admin/index/menu | INFO: Run CheckLang Behavior [ RunTime:0.001849s ]
[ 2012-10-19T17:45:17+08:00 ] /index.php/Admin/index/menu | INFO: Tag[ app_begin ] --END-- [ RunTime:0.003205s ]
[ 2012-10-19T17:45:17+08:00 ] /index.php/Admin/index/menu | INFO: Tag[ view_template ] --START--
[ 2012-10-19T17:45:17+08:00 ] /index.php/Admin/index/menu | INFO: Run LocationTemplate Behavior [ RunTime:0.001971s ]
[ 2012-10-19T17:45:17+08:00 ] /index.php/Admin/index/menu | INFO: Tag[ view_template ] --END-- [ RunTime:0.002124s ]
[ 2012-10-19T17:45:17+08:00 ] /index.php/Admin/index/menu | INFO: Tag[ view_parse ] --START--
[ 2012-10-19T17:45:17+08:00 ] /index.php/Admin/index/menu | NOTIC: [8] Undefined variable: list 8d630bfcc3f8428cb093c5301748865f.php 第 1 行.
[ 2012-10-19T17:45:17+08:00 ] /index.php/Admin/index/menu | NOTIC: [8] Undefined index:  action 8d630bfcc3f8428cb093c5301748865f.php 第 2 行.
[ 2012-10-19T17:45:17+08:00 ] /index.php/Admin/index/menu | INFO: Run ParseTemplate Behavior [ RunTime:0.002470s ]
[ 2012-10-19T17:45:17+08:00 ] /index.php/Admin/index/menu | INFO: Tag[ view_parse ] --END-- [ RunTime:0.002559s ]
[ 2012-10-19T17:45:17+08:00 ] /index.php/Admin/index/menu | INFO: Tag[ view_filter ] --START--
[ 2012-10-19T17:45:17+08:00 ] /index.php/Admin/index/menu | INFO: Run ContentReplace Behavior [ RunTime:0.000831s ]
[ 2012-10-19T17:45:17+08:00 ] /index.php/Admin/index/menu | INFO: Run TokenBuild Behavior [ RunTime:0.000990s ]
[ 2012-10-19T17:45:17+08:00 ] /index.php/Admin/index/menu | INFO: Run WriteHtmlCache Behavior [ RunTime:0.000680s ]
[ 2012-10-19T17:45:17+08:00 ] /index.php/Admin/index/menu | INFO: Run ShowRuntime Behavior [ RunTime:0.000904s ]
[ 2012-10-19T17:45:17+08:00 ] /index.php/Admin/index/menu | INFO: Tag[ view_filter ] --END-- [ RunTime:0.003666s ]
[ 2012-10-19T17:45:17+08:00 ] /index.php/Admin/index/menu | INFO: Tag[ view_end ] --START--
[ 2012-10-19T17:45:17+08:00 ] /index.php/Admin/index/menu | INFO: Run ShowPageTrace Behavior [ RunTime:0.000954s ]
[ 2012-10-19T17:45:17+08:00 ] /index.php/Admin/index/menu | INFO: Tag[ view_end ] --END-- [ RunTime:0.001039s ]
[ 2012-10-19T17:45:18+08:00 ] /index.php/Admin/index/skin/images/frame/wbg.gif | ERR: (ThinkException) 非法操作skin
[ 2012-10-19T17:45:19+08:00 ] /index.php/Admin/Menu/menu/action/Channel | INFO: Tag[ route_check ] --START--
[ 2012-10-19T17:45:19+08:00 ] /index.php/Admin/Menu/menu/action/Channel | INFO: Run CheckRoute Behavior [ RunTime:0.001031s ]
[ 2012-10-19T17:45:19+08:00 ] /index.php/Admin/Menu/menu/action/Channel | INFO: Tag[ route_check ] --END-- [ RunTime:0.001187s ]
[ 2012-10-19T17:45:19+08:00 ] /index.php/Admin/Menu/menu/action/Channel | INFO: Tag[ app_begin ] --START--
[ 2012-10-19T17:45:19+08:00 ] /index.php/Admin/Menu/menu/action/Channel | INFO: Run ReadHtmlCache Behavior [ RunTime:0.000600s ]
[ 2012-10-19T17:45:19+08:00 ] /index.php/Admin/Menu/menu/action/Channel | INFO: Run CheckLang Behavior [ RunTime:0.001792s ]
[ 2012-10-19T17:45:19+08:00 ] /index.php/Admin/Menu/menu/action/Channel | INFO: Tag[ app_begin ] --END-- [ RunTime:0.002546s ]
[ 2012-10-19T17:45:19+08:00 ] /index.php/Admin/Menu/menu/action/Channel | SQL: SHOW COLUMNS FROM `my_category` [ RunTime:0.023398s ]
[ 2012-10-19T17:45:19+08:00 ] /index.php/Admin/Menu/menu/action/Channel | SQL: SELECT * FROM `my_category` WHERE pid=0  [ RunTime:0.000265s ]
[ 2012-10-19T17:45:19+08:00 ] /index.php/Admin/Menu/menu/action/Channel | SQL: SELECT * FROM `my_category` WHERE pid!=0  [ RunTime:0.000225s ]
[ 2012-10-19T17:45:19+08:00 ] /index.php/Admin/Menu/menu/action/Channel | INFO: Tag[ view_template ] --START--
[ 2012-10-19T17:45:19+08:00 ] /index.php/Admin/Menu/menu/action/Channel | INFO: Run LocationTemplate Behavior [ RunTime:0.001728s ]
[ 2012-10-19T17:45:19+08:00 ] /index.php/Admin/Menu/menu/action/Channel | INFO: Tag[ view_template ] --END-- [ RunTime:0.001800s ]
[ 2012-10-19T17:45:19+08:00 ] /index.php/Admin/Menu/menu/action/Channel | INFO: Tag[ view_parse ] --START--
[ 2012-10-19T17:45:19+08:00 ] /index.php/Admin/Menu/menu/action/Channel | NOTIC: [8] Undefined index:  control 8d630bfcc3f8428cb093c5301748865f.php 第 1 行.
[ 2012-10-19T17:45:19+08:00 ] /index.php/Admin/Menu/menu/action/Channel | INFO: Run ParseTemplate Behavior [ RunTime:0.002022s ]
[ 2012-10-19T17:45:19+08:00 ] /index.php/Admin/Menu/menu/action/Channel | INFO: Tag[ view_parse ] --END-- [ RunTime:0.002092s ]
[ 2012-10-19T17:45:19+08:00 ] /index.php/Admin/Menu/menu/action/Channel | INFO: Tag[ view_filter ] --START--
[ 2012-10-19T17:45:19+08:00 ] /index.php/Admin/Menu/menu/action/Channel | INFO: Run ContentReplace Behavior [ RunTime:0.000351s ]
[ 2012-10-19T17:45:19+08:00 ] /index.php/Admin/Menu/menu/action/Channel | INFO: Run TokenBuild Behavior [ RunTime:0.000384s ]
[ 2012-10-19T17:45:19+08:00 ] /index.php/Admin/Menu/menu/action/Channel | INFO: Run WriteHtmlCache Behavior [ RunTime:0.000225s ]
[ 2012-10-19T17:45:19+08:00 ] /index.php/Admin/Menu/menu/action/Channel | INFO: Run ShowRuntime Behavior [ RunTime:0.000427s ]
[ 2012-10-19T17:45:19+08:00 ] /index.php/Admin/Menu/menu/action/Channel | INFO: Tag[ view_filter ] --END-- [ RunTime:0.001554s ]
[ 2012-10-19T17:45:19+08:00 ] /index.php/Admin/Menu/menu/action/Channel | INFO: Tag[ view_end ] --START--
[ 2012-10-19T17:45:19+08:00 ] /index.php/Admin/Menu/menu/action/Channel | INFO: Run ShowPageTrace Behavior [ RunTime:0.000431s ]
[ 2012-10-19T17:45:19+08:00 ] /index.php/Admin/Menu/menu/action/Channel | INFO: Tag[ view_end ] --END-- [ RunTime:0.000491s ]
[ 2012-10-19T17:45:20+08:00 ] /index.php/Admin/Channel | INFO: Tag[ route_check ] --START--
[ 2012-10-19T17:45:20+08:00 ] /index.php/Admin/Channel | INFO: Run CheckRoute Behavior [ RunTime:0.001026s ]
[ 2012-10-19T17:45:20+08:00 ] /index.php/Admin/Channel | INFO: Tag[ route_check ] --END-- [ RunTime:0.001174s ]
[ 2012-10-19T17:45:20+08:00 ] /index.php/Admin/Channel | INFO: Tag[ app_begin ] --START--
[ 2012-10-19T17:45:20+08:00 ] /index.php/Admin/Channel | INFO: Run ReadHtmlCache Behavior [ RunTime:0.001585s ]
[ 2012-10-19T17:45:20+08:00 ] /index.php/Admin/Channel | INFO: Run CheckLang Behavior [ RunTime:0.001886s ]
[ 2012-10-19T17:45:20+08:00 ] /index.php/Admin/Channel | INFO: Tag[ app_begin ] --END-- [ RunTime:0.003698s ]
[ 2012-10-19T17:45:20+08:00 ] /index.php/Admin/Channel | SQL: SHOW COLUMNS FROM `my_category` [ RunTime:0.003615s ]
[ 2012-10-19T17:45:20+08:00 ] /index.php/Admin/Channel | SQL: SELECT * FROM `my_category`  [ RunTime:0.000877s ]
[ 2012-10-19T17:45:20+08:00 ] /index.php/Admin/Channel | INFO: Tag[ view_template ] --START--
[ 2012-10-19T17:45:20+08:00 ] /index.php/Admin/Channel | INFO: Run LocationTemplate Behavior [ RunTime:0.001624s ]
[ 2012-10-19T17:45:20+08:00 ] /index.php/Admin/Channel | INFO: Tag[ view_template ] --END-- [ RunTime:0.001735s ]
[ 2012-10-19T17:45:20+08:00 ] /index.php/Admin/Channel | INFO: Tag[ view_parse ] --START--
[ 2012-10-19T17:45:20+08:00 ] /index.php/Admin/Channel | INFO: Run ParseTemplate Behavior [ RunTime:0.004371s ]
[ 2012-10-19T17:45:20+08:00 ] /index.php/Admin/Channel | INFO: Tag[ view_parse ] --END-- [ RunTime:0.004532s ]
[ 2012-10-19T17:45:20+08:00 ] /index.php/Admin/Channel | INFO: Tag[ view_filter ] --START--
[ 2012-10-19T17:45:20+08:00 ] /index.php/Admin/Channel | INFO: Run ContentReplace Behavior [ RunTime:0.000562s ]
[ 2012-10-19T17:45:20+08:00 ] /index.php/Admin/Channel | INFO: Run TokenBuild Behavior [ RunTime:0.000585s ]
[ 2012-10-19T17:45:20+08:00 ] /index.php/Admin/Channel | INFO: Run WriteHtmlCache Behavior [ RunTime:0.000298s ]
[ 2012-10-19T17:45:20+08:00 ] /index.php/Admin/Channel | INFO: Run ShowRuntime Behavior [ RunTime:0.000520s ]
[ 2012-10-19T17:45:20+08:00 ] /index.php/Admin/Channel | INFO: Tag[ view_filter ] --END-- [ RunTime:0.002217s ]
[ 2012-10-19T17:45:20+08:00 ] /index.php/Admin/Channel | INFO: Tag[ view_end ] --START--
[ 2012-10-19T17:45:20+08:00 ] /index.php/Admin/Channel | INFO: Run ShowPageTrace Behavior [ RunTime:0.001496s ]
[ 2012-10-19T17:45:20+08:00 ] /index.php/Admin/Channel | INFO: Tag[ view_end ] --END-- [ RunTime:0.001598s ]
[ 2012-10-19T17:45:21+08:00 ] /index.php/Admin/skin/images/allbg.gif | ERR: (ThinkException) 无法加载模块Skin
[ 2012-10-19T17:45:21+08:00 ] /index.php/Admin/skin/images/frame/search.gif | ERR: (ThinkException) 无法加载模块Skin
[ 2012-10-19T17:45:21+08:00 ] /index.php/Admin/skin/images/wbg.gif | ERR: (ThinkException) 无法加载模块Skin
[ 2012-10-19T17:45:21+08:00 ] /index.php/Admin/skin/images/tbg.gif | ERR: (ThinkException) 无法加载模块Skin
[ 2012-10-19T17:46:06+08:00 ] /index.php/Admin/Channel | INFO: Tag[ route_check ] --START--
[ 2012-10-19T17:46:06+08:00 ] /index.php/Admin/Channel | INFO: Run CheckRoute Behavior [ RunTime:0.000963s ]
[ 2012-10-19T17:46:06+08:00 ] /index.php/Admin/Channel | INFO: Tag[ route_check ] --END-- [ RunTime:0.001088s ]
[ 2012-10-19T17:46:06+08:00 ] /index.php/Admin/Channel | INFO: Tag[ app_begin ] --START--
[ 2012-10-19T17:46:06+08:00 ] /index.php/Admin/Channel | INFO: Run ReadHtmlCache Behavior [ RunTime:0.000662s ]
[ 2012-10-19T17:46:06+08:00 ] /index.php/Admin/Channel | INFO: Run CheckLang Behavior [ RunTime:0.001877s ]
[ 2012-10-19T17:46:06+08:00 ] /index.php/Admin/Channel | INFO: Tag[ app_begin ] --END-- [ RunTime:0.002729s ]
[ 2012-10-19T17:46:06+08:00 ] /index.php/Admin/Channel | SQL: SHOW COLUMNS FROM `my_category` [ RunTime:0.002964s ]
[ 2012-10-19T17:46:06+08:00 ] /index.php/Admin/Channel | SQL: SELECT * FROM `my_category`  [ RunTime:0.000760s ]
[ 2012-10-19T17:46:06+08:00 ] /index.php/Admin/Channel | INFO: Tag[ view_template ] --START--
[ 2012-10-19T17:46:06+08:00 ] /index.php/Admin/Channel | INFO: Run LocationTemplate Behavior [ RunTime:0.001118s ]
[ 2012-10-19T17:46:06+08:00 ] /index.php/Admin/Channel | INFO: Tag[ view_template ] --END-- [ RunTime:0.001188s ]
[ 2012-10-19T17:46:06+08:00 ] /index.php/Admin/Channel | INFO: Tag[ view_parse ] --START--
[ 2012-10-19T17:46:06+08:00 ] /index.php/Admin/Channel | INFO: Run ParseTemplate Behavior [ RunTime:0.017282s ]
[ 2012-10-19T17:46:06+08:00 ] /index.php/Admin/Channel | INFO: Tag[ view_parse ] --END-- [ RunTime:0.017389s ]
[ 2012-10-19T17:46:06+08:00 ] /index.php/Admin/Channel | INFO: Tag[ view_filter ] --START--
[ 2012-10-19T17:46:06+08:00 ] /index.php/Admin/Channel | INFO: Run ContentReplace Behavior [ RunTime:0.000428s ]
[ 2012-10-19T17:46:06+08:00 ] /index.php/Admin/Channel | INFO: Run TokenBuild Behavior [ RunTime:0.000460s ]
[ 2012-10-19T17:46:06+08:00 ] /index.php/Admin/Channel | INFO: Run WriteHtmlCache Behavior [ RunTime:0.000218s ]
[ 2012-10-19T17:46:06+08:00 ] /index.php/Admin/Channel | INFO: Run ShowRuntime Behavior [ RunTime:0.000442s ]
[ 2012-10-19T17:46:06+08:00 ] /index.php/Admin/Channel | INFO: Tag[ view_filter ] --END-- [ RunTime:0.001714s ]
[ 2012-10-19T17:46:06+08:00 ] /index.php/Admin/Channel | INFO: Tag[ view_end ] --START--
[ 2012-10-19T17:46:06+08:00 ] /index.php/Admin/Channel | INFO: Run ShowPageTrace Behavior [ RunTime:0.000796s ]
[ 2012-10-19T17:46:06+08:00 ] /index.php/Admin/Channel | INFO: Tag[ view_end ] --END-- [ RunTime:0.000897s ]
[ 2012-10-19T17:46:06+08:00 ] /index.php/Admin/skin/images/allbg.gif | ERR: (ThinkException) 无法加载模块Skin
[ 2012-10-19T17:46:06+08:00 ] /index.php/Admin/skin/images/frame/search.gif | ERR: (ThinkException) 无法加载模块Skin
[ 2012-10-19T17:46:06+08:00 ] /index.php/Admin/skin/images/wbg.gif | ERR: (ThinkException) 无法加载模块Skin
[ 2012-10-19T17:46:06+08:00 ] /index.php/Admin/skin/images/tbg.gif | ERR: (ThinkException) 无法加载模块Skin
[ 2012-10-19T17:46:26+08:00 ] /index.php/Admin/Channel | INFO: Tag[ route_check ] --START--
[ 2012-10-19T17:46:26+08:00 ] /index.php/Admin/Channel | INFO: Run CheckRoute Behavior [ RunTime:0.001030s ]
[ 2012-10-19T17:46:26+08:00 ] /index.php/Admin/Channel | INFO: Tag[ route_check ] --END-- [ RunTime:0.001170s ]
[ 2012-10-19T17:46:26+08:00 ] /index.php/Admin/Channel | INFO: Tag[ app_begin ] --START--
[ 2012-10-19T17:46:26+08:00 ] /index.php/Admin/Channel | INFO: Run ReadHtmlCache Behavior [ RunTime:0.000652s ]
[ 2012-10-19T17:46:26+08:00 ] /index.php/Admin/Channel | INFO: Run CheckLang Behavior [ RunTime:0.002456s ]
[ 2012-10-19T17:46:26+08:00 ] /index.php/Admin/Channel | INFO: Tag[ app_begin ] --END-- [ RunTime:0.003295s ]
[ 2012-10-19T17:46:26+08:00 ] /index.php/Admin/Channel | SQL: SHOW COLUMNS FROM `my_category` [ RunTime:0.002467s ]
[ 2012-10-19T17:46:26+08:00 ] /index.php/Admin/Channel | SQL: SELECT * FROM `my_category`  [ RunTime:0.000693s ]
[ 2012-10-19T17:46:26+08:00 ] /index.php/Admin/Channel | INFO: Tag[ view_template ] --START--
[ 2012-10-19T17:46:26+08:00 ] /index.php/Admin/Channel | INFO: Run LocationTemplate Behavior [ RunTime:0.001462s ]
[ 2012-10-19T17:46:26+08:00 ] /index.php/Admin/Channel | INFO: Tag[ view_template ] --END-- [ RunTime:0.001533s ]
[ 2012-10-19T17:46:26+08:00 ] /index.php/Admin/Channel | INFO: Tag[ view_parse ] --START--
[ 2012-10-19T17:46:26+08:00 ] /index.php/Admin/Channel | INFO: Run ParseTemplate Behavior [ RunTime:0.018189s ]
[ 2012-10-19T17:46:26+08:00 ] /index.php/Admin/Channel | INFO: Tag[ view_parse ] --END-- [ RunTime:0.018296s ]
[ 2012-10-19T17:46:26+08:00 ] /index.php/Admin/Channel | INFO: Tag[ view_filter ] --START--
[ 2012-10-19T17:46:26+08:00 ] /index.php/Admin/Channel | INFO: Run ContentReplace Behavior [ RunTime:0.000426s ]
[ 2012-10-19T17:46:26+08:00 ] /index.php/Admin/Channel | INFO: Run TokenBuild Behavior [ RunTime:0.000489s ]
[ 2012-10-19T17:46:26+08:00 ] /index.php/Admin/Channel | INFO: Run WriteHtmlCache Behavior [ RunTime:0.000314s ]
[ 2012-10-19T17:46:26+08:00 ] /index.php/Admin/Channel | INFO: Run ShowRuntime Behavior [ RunTime:0.000574s ]
[ 2012-10-19T17:46:26+08:00 ] /index.php/Admin/Channel | INFO: Tag[ view_filter ] --END-- [ RunTime:0.002069s ]
[ 2012-10-19T17:46:26+08:00 ] /index.php/Admin/Channel | INFO: Tag[ view_end ] --START--
[ 2012-10-19T17:46:26+08:00 ] /index.php/Admin/Channel | INFO: Run ShowPageTrace Behavior [ RunTime:0.000572s ]
[ 2012-10-19T17:46:26+08:00 ] /index.php/Admin/Channel | INFO: Tag[ view_end ] --END-- [ RunTime:0.000659s ]
[ 2012-10-19T17:46:27+08:00 ] /index.php/Admin/skin/images/allbg.gif | ERR: (ThinkException) 无法加载模块Skin
[ 2012-10-19T17:46:27+08:00 ] /index.php/Admin/skin/images/wbg.gif | ERR: (ThinkException) 无法加载模块Skin
[ 2012-10-19T17:46:27+08:00 ] /index.php/Admin/skin/images/tbg.gif | ERR: (ThinkException) 无法加载模块Skin
[ 2012-10-19T17:46:27+08:00 ] /index.php/Admin/skin/images/frame/search.gif | ERR: (ThinkException) 无法加载模块Skin
[ 2012-10-19T17:46:30+08:00 ] /index.php/Admin/skin/images/wbg.gif | ERR: (ThinkException) 无法加载模块Skin
[ 2012-10-19T17:46:30+08:00 ] /index.php/Admin/skin/images/allbg.gif | ERR: (ThinkException) 无法加载模块Skin
[ 2012-10-19T17:46:30+08:00 ] /index.php/Admin/skin/images/tbg.gif | ERR: (ThinkException) 无法加载模块Skin
[ 2012-10-19T17:46:57+08:00 ] /index.php/Admin/Channel | INFO: Tag[ route_check ] --START--
[ 2012-10-19T17:46:57+08:00 ] /index.php/Admin/Channel | INFO: Run CheckRoute Behavior [ RunTime:0.001049s ]
[ 2012-10-19T17:46:57+08:00 ] /index.php/Admin/Channel | INFO: Tag[ route_check ] --END-- [ RunTime:0.001190s ]
[ 2012-10-19T17:46:57+08:00 ] /index.php/Admin/Channel | INFO: Tag[ app_begin ] --START--
[ 2012-10-19T17:46:57+08:00 ] /index.php/Admin/Channel | INFO: Run ReadHtmlCache Behavior [ RunTime:0.000555s ]
[ 2012-10-19T17:46:57+08:00 ] /index.php/Admin/Channel | INFO: Run CheckLang Behavior [ RunTime:0.001586s ]
[ 2012-10-19T17:46:57+08:00 ] /index.php/Admin/Channel | INFO: Tag[ app_begin ] --END-- [ RunTime:0.002263s ]
[ 2012-10-19T17:46:57+08:00 ] /index.php/Admin/Channel | SQL: SHOW COLUMNS FROM `my_category` [ RunTime:0.002521s ]
[ 2012-10-19T17:46:57+08:00 ] /index.php/Admin/Channel | SQL: SELECT * FROM `my_category`  [ RunTime:0.000642s ]
[ 2012-10-19T17:46:57+08:00 ] /index.php/Admin/Channel | INFO: Tag[ view_template ] --START--
[ 2012-10-19T17:46:57+08:00 ] /index.php/Admin/Channel | INFO: Run LocationTemplate Behavior [ RunTime:0.000433s ]
[ 2012-10-19T17:46:57+08:00 ] /index.php/Admin/Channel | INFO: Tag[ view_template ] --END-- [ RunTime:0.000498s ]
[ 2012-10-19T17:46:57+08:00 ] /index.php/Admin/Channel | INFO: Tag[ view_parse ] --START--
[ 2012-10-19T17:46:57+08:00 ] /index.php/Admin/Channel | INFO: Run ParseTemplate Behavior [ RunTime:0.014419s ]
[ 2012-10-19T17:46:57+08:00 ] /index.php/Admin/Channel | INFO: Tag[ view_parse ] --END-- [ RunTime:0.014520s ]
[ 2012-10-19T17:46:57+08:00 ] /index.php/Admin/Channel | INFO: Tag[ view_filter ] --START--
[ 2012-10-19T17:46:57+08:00 ] /index.php/Admin/Channel | INFO: Run ContentReplace Behavior [ RunTime:0.000446s ]
[ 2012-10-19T17:46:57+08:00 ] /index.php/Admin/Channel | INFO: Run TokenBuild Behavior [ RunTime:0.000452s ]
[ 2012-10-19T17:46:57+08:00 ] /index.php/Admin/Channel | INFO: Run WriteHtmlCache Behavior [ RunTime:0.000251s ]
[ 2012-10-19T17:46:57+08:00 ] /index.php/Admin/Channel | INFO: Run ShowRuntime Behavior [ RunTime:0.000525s ]
[ 2012-10-19T17:46:57+08:00 ] /index.php/Admin/Channel | INFO: Tag[ view_filter ] --END-- [ RunTime:0.001881s ]
[ 2012-10-19T17:46:57+08:00 ] /index.php/Admin/Channel | INFO: Tag[ view_end ] --START--
[ 2012-10-19T17:46:57+08:00 ] /index.php/Admin/Channel | INFO: Run ShowPageTrace Behavior [ RunTime:0.000878s ]
[ 2012-10-19T17:46:57+08:00 ] /index.php/Admin/Channel | INFO: Tag[ view_end ] --END-- [ RunTime:0.001016s ]
[ 2012-10-19T17:46:57+08:00 ] /index.php/Admin/skin/images/allbg.gif | ERR: (ThinkException) 无法加载模块Skin
[ 2012-10-19T17:46:57+08:00 ] /index.php/Admin/skin/images/frame/search.gif | ERR: (ThinkException) 无法加载模块Skin
[ 2012-10-19T17:46:57+08:00 ] /index.php/Admin/skin/images/tbg.gif | ERR: (ThinkException) 无法加载模块Skin
[ 2012-10-19T17:46:57+08:00 ] /index.php/Admin/skin/images/wbg.gif | ERR: (ThinkException) 无法加载模块Skin
[ 2012-10-19T17:47:03+08:00 ] /index.php/Admin/skin/images/allbg.gif | ERR: (ThinkException) 无法加载模块Skin
[ 2012-10-19T17:47:03+08:00 ] /index.php/Admin/skin/images/tbg.gif | ERR: (ThinkException) 无法加载模块Skin
[ 2012-10-19T17:47:03+08:00 ] /index.php/Admin/skin/images/wbg.gif | ERR: (ThinkException) 无法加载模块Skin
[ 2012-10-19T17:47:41+08:00 ] /index.php/Admin/Channel | INFO: Tag[ route_check ] --START--
[ 2012-10-19T17:47:41+08:00 ] /index.php/Admin/Channel | INFO: Run CheckRoute Behavior [ RunTime:0.001076s ]
[ 2012-10-19T17:47:41+08:00 ] /index.php/Admin/Channel | INFO: Tag[ route_check ] --END-- [ RunTime:0.001247s ]
[ 2012-10-19T17:47:41+08:00 ] /index.php/Admin/Channel | INFO: Tag[ app_begin ] --START--
[ 2012-10-19T17:47:41+08:00 ] /index.php/Admin/Channel | INFO: Run ReadHtmlCache Behavior [ RunTime:0.000618s ]
[ 2012-10-19T17:47:41+08:00 ] /index.php/Admin/Channel | INFO: Run CheckLang Behavior [ RunTime:0.002040s ]
[ 2012-10-19T17:47:41+08:00 ] /index.php/Admin/Channel | INFO: Tag[ app_begin ] --END-- [ RunTime:0.002842s ]
[ 2012-10-19T17:47:41+08:00 ] /index.php/Admin/Channel | SQL: SHOW COLUMNS FROM `my_category` [ RunTime:0.004047s ]
[ 2012-10-19T17:47:41+08:00 ] /index.php/Admin/Channel | SQL: SELECT * FROM `my_category`  [ RunTime:0.001837s ]
[ 2012-10-19T17:47:41+08:00 ] /index.php/Admin/Channel | INFO: Tag[ view_template ] --START--
[ 2012-10-19T17:47:41+08:00 ] /index.php/Admin/Channel | INFO: Run LocationTemplate Behavior [ RunTime:0.001664s ]
[ 2012-10-19T17:47:41+08:00 ] /index.php/Admin/Channel | INFO: Tag[ view_template ] --END-- [ RunTime:0.002786s ]
[ 2012-10-19T17:47:41+08:00 ] /index.php/Admin/Channel | INFO: Tag[ view_parse ] --START--
[ 2012-10-19T17:47:41+08:00 ] /index.php/Admin/Channel | INFO: Run ParseTemplate Behavior [ RunTime:0.003284s ]
[ 2012-10-19T17:47:41+08:00 ] /index.php/Admin/Channel | INFO: Tag[ view_parse ] --END-- [ RunTime:0.003398s ]
[ 2012-10-19T17:47:41+08:00 ] /index.php/Admin/Channel | INFO: Tag[ view_filter ] --START--
[ 2012-10-19T17:47:41+08:00 ] /index.php/Admin/Channel | INFO: Run ContentReplace Behavior [ RunTime:0.000958s ]
[ 2012-10-19T17:47:41+08:00 ] /index.php/Admin/Channel | INFO: Run TokenBuild Behavior [ RunTime:0.001251s ]
[ 2012-10-19T17:47:41+08:00 ] /index.php/Admin/Channel | INFO: Run WriteHtmlCache Behavior [ RunTime:0.000840s ]
[ 2012-10-19T17:47:41+08:00 ] /index.php/Admin/Channel | INFO: Run ShowRuntime Behavior [ RunTime:0.000937s ]
[ 2012-10-19T17:47:41+08:00 ] /index.php/Admin/Channel | INFO: Tag[ view_filter ] --END-- [ RunTime:0.004307s ]
[ 2012-10-19T17:47:41+08:00 ] /index.php/Admin/Channel | INFO: Tag[ view_end ] --START--
[ 2012-10-19T17:47:41+08:00 ] /index.php/Admin/Channel | INFO: Run ShowPageTrace Behavior [ RunTime:0.001247s ]
[ 2012-10-19T17:47:41+08:00 ] /index.php/Admin/Channel | INFO: Tag[ view_end ] --END-- [ RunTime:0.001354s ]
[ 2012-10-19T17:47:41+08:00 ] /index.php/Admin/skin/images/allbg.gif | ERR: (ThinkException) 无法加载模块Skin
[ 2012-10-19T17:47:41+08:00 ] /index.php/Admin/skin/images/wbg.gif | ERR: (ThinkException) 无法加载模块Skin
[ 2012-10-19T17:47:41+08:00 ] /index.php/Admin/skin/images/tbg.gif | ERR: (ThinkException) 无法加载模块Skin
[ 2012-10-19T17:47:41+08:00 ] /index.php/Admin/skin/images/frame/search.gif | ERR: (ThinkException) 无法加载模块Skin
[ 2012-10-19T17:48:26+08:00 ] /index.php/Admin/Channel | INFO: Tag[ route_check ] --START--
[ 2012-10-19T17:48:26+08:00 ] /index.php/Admin/Channel | INFO: Run CheckRoute Behavior [ RunTime:0.001194s ]
[ 2012-10-19T17:48:26+08:00 ] /index.php/Admin/Channel | INFO: Tag[ route_check ] --END-- [ RunTime:0.001325s ]
[ 2012-10-19T17:48:26+08:00 ] /index.php/Admin/Channel | INFO: Tag[ app_begin ] --START--
[ 2012-10-19T17:48:26+08:00 ] /index.php/Admin/Channel | INFO: Run ReadHtmlCache Behavior [ RunTime:0.000658s ]
[ 2012-10-19T17:48:26+08:00 ] /index.php/Admin/Channel | INFO: Run CheckLang Behavior [ RunTime:0.002596s ]
[ 2012-10-19T17:48:26+08:00 ] /index.php/Admin/Channel | INFO: Tag[ app_begin ] --END-- [ RunTime:0.003500s ]
[ 2012-10-19T17:48:26+08:00 ] /index.php/Admin/Channel | SQL: SHOW COLUMNS FROM `my_category` [ RunTime:0.003864s ]
[ 2012-10-19T17:48:26+08:00 ] /index.php/Admin/Channel | SQL: SELECT * FROM `my_category`  [ RunTime:0.000674s ]
[ 2012-10-19T17:48:26+08:00 ] /index.php/Admin/Channel | INFO: Tag[ view_template ] --START--
[ 2012-10-19T17:48:26+08:00 ] /index.php/Admin/Channel | INFO: Run LocationTemplate Behavior [ RunTime:0.001121s ]
[ 2012-10-19T17:48:26+08:00 ] /index.php/Admin/Channel | INFO: Tag[ view_template ] --END-- [ RunTime:0.001191s ]
[ 2012-10-19T17:48:26+08:00 ] /index.php/Admin/Channel | INFO: Tag[ view_parse ] --START--
[ 2012-10-19T17:48:26+08:00 ] /index.php/Admin/Channel | INFO: Run ParseTemplate Behavior [ RunTime:0.017361s ]
[ 2012-10-19T17:48:26+08:00 ] /index.php/Admin/Channel | INFO: Tag[ view_parse ] --END-- [ RunTime:0.017486s ]
[ 2012-10-19T17:48:26+08:00 ] /index.php/Admin/Channel | INFO: Tag[ view_filter ] --START--
[ 2012-10-19T17:48:26+08:00 ] /index.php/Admin/Channel | INFO: Run ContentReplace Behavior [ RunTime:0.000931s ]
[ 2012-10-19T17:48:26+08:00 ] /index.php/Admin/Channel | INFO: Run TokenBuild Behavior [ RunTime:0.001152s ]
[ 2012-10-19T17:48:26+08:00 ] /index.php/Admin/Channel | INFO: Run WriteHtmlCache Behavior [ RunTime:0.000740s ]
[ 2012-10-19T17:48:26+08:00 ] /index.php/Admin/Channel | INFO: Run ShowRuntime Behavior [ RunTime:0.001011s ]
[ 2012-10-19T17:48:26+08:00 ] /index.php/Admin/Channel | INFO: Tag[ view_filter ] --END-- [ RunTime:0.004161s ]
[ 2012-10-19T17:48:26+08:00 ] /index.php/Admin/Channel | INFO: Tag[ view_end ] --START--
[ 2012-10-19T17:48:26+08:00 ] /index.php/Admin/Channel | INFO: Run ShowPageTrace Behavior [ RunTime:0.001697s ]
[ 2012-10-19T17:48:26+08:00 ] /index.php/Admin/Channel | INFO: Tag[ view_end ] --END-- [ RunTime:0.001804s ]
[ 2012-10-19T17:48:26+08:00 ] /index.php/Admin/skin/images/allbg.gif | ERR: (ThinkException) 无法加载模块Skin
[ 2012-10-19T17:48:26+08:00 ] /index.php/Admin/skin/images/tbg.gif | ERR: (ThinkException) 无法加载模块Skin
[ 2012-10-19T17:48:26+08:00 ] /index.php/Admin/skin/images/wbg.gif | ERR: (ThinkException) 无法加载模块Skin
[ 2012-10-19T17:48:26+08:00 ] /index.php/Admin/skin/images/frame/search.gif | ERR: (ThinkException) 无法加载模块Skin
[ 2012-10-19T17:48:49+08:00 ] /index.php/Admin/Channel | INFO: Tag[ route_check ] --START--
[ 2012-10-19T17:48:49+08:00 ] /index.php/Admin/Channel | INFO: Run CheckRoute Behavior [ RunTime:0.001371s ]
[ 2012-10-19T17:48:49+08:00 ] /index.php/Admin/Channel | INFO: Tag[ route_check ] --END-- [ RunTime:0.001575s ]
[ 2012-10-19T17:48:49+08:00 ] /index.php/Admin/Channel | INFO: Tag[ app_begin ] --START--
[ 2012-10-19T17:48:49+08:00 ] /index.php/Admin/Channel | INFO: Run ReadHtmlCache Behavior [ RunTime:0.000602s ]
[ 2012-10-19T17:48:49+08:00 ] /index.php/Admin/Channel | INFO: Run CheckLang Behavior [ RunTime:0.002311s ]
[ 2012-10-19T17:48:49+08:00 ] /index.php/Admin/Channel | INFO: Tag[ app_begin ] --END-- [ RunTime:0.003081s ]
[ 2012-10-19T17:48:49+08:00 ] /index.php/Admin/Channel | SQL: SHOW COLUMNS FROM `my_category` [ RunTime:0.004121s ]
[ 2012-10-19T17:48:49+08:00 ] /index.php/Admin/Channel | SQL: SELECT * FROM `my_category`  [ RunTime:0.000317s ]
[ 2012-10-19T17:48:49+08:00 ] /index.php/Admin/Channel | INFO: Tag[ view_template ] --START--
[ 2012-10-19T17:48:49+08:00 ] /index.php/Admin/Channel | INFO: Run LocationTemplate Behavior [ RunTime:0.001274s ]
[ 2012-10-19T17:48:49+08:00 ] /index.php/Admin/Channel | INFO: Tag[ view_template ] --END-- [ RunTime:0.001349s ]
[ 2012-10-19T17:48:49+08:00 ] /index.php/Admin/Channel | INFO: Tag[ view_parse ] --START--
[ 2012-10-19T17:48:49+08:00 ] /index.php/Admin/Channel | INFO: Run ParseTemplate Behavior [ RunTime:0.016277s ]
[ 2012-10-19T17:48:49+08:00 ] /index.php/Admin/Channel | INFO: Tag[ view_parse ] --END-- [ RunTime:0.016424s ]
[ 2012-10-19T17:48:49+08:00 ] /index.php/Admin/Channel | INFO: Tag[ view_filter ] --START--
[ 2012-10-19T17:48:49+08:00 ] /index.php/Admin/Channel | INFO: Run ContentReplace Behavior [ RunTime:0.000892s ]
[ 2012-10-19T17:48:49+08:00 ] /index.php/Admin/Channel | INFO: Run TokenBuild Behavior [ RunTime:0.000928s ]
[ 2012-10-19T17:48:49+08:00 ] /index.php/Admin/Channel | INFO: Run WriteHtmlCache Behavior [ RunTime:0.000606s ]
[ 2012-10-19T17:48:49+08:00 ] /index.php/Admin/Channel | INFO: Run ShowRuntime Behavior [ RunTime:0.000836s ]
[ 2012-10-19T17:48:49+08:00 ] /index.php/Admin/Channel | INFO: Tag[ view_filter ] --END-- [ RunTime:0.003496s ]
[ 2012-10-19T17:48:49+08:00 ] /index.php/Admin/Channel | INFO: Tag[ view_end ] --START--
[ 2012-10-19T17:48:49+08:00 ] /index.php/Admin/Channel | INFO: Run ShowPageTrace Behavior [ RunTime:0.001091s ]
[ 2012-10-19T17:48:49+08:00 ] /index.php/Admin/Channel | INFO: Tag[ view_end ] --END-- [ RunTime:0.001518s ]
[ 2012-10-19T17:48:49+08:00 ] /index.php/Admin/skin/images/allbg.gif | ERR: (ThinkException) 无法加载模块Skin
[ 2012-10-19T17:48:49+08:00 ] /index.php/Admin/skin/images/frame/search.gif | ERR: (ThinkException) 无法加载模块Skin
[ 2012-10-19T17:48:49+08:00 ] /index.php/Admin/skin/images/tbg.gif | ERR: (ThinkException) 无法加载模块Skin
[ 2012-10-19T17:48:49+08:00 ] /index.php/Admin/skin/images/wbg.gif | ERR: (ThinkException) 无法加载模块Skin
